2025-09-05 17:04:09.175 | INFO     | __main__:main:212 - Read 3564 entries from ../04_benchmark/phys-prop/output/training/summary-benchmarks-Density.csv
2025-09-05 17:04:09.180 | INFO     | __main__:main:212 - Read 3708 entries from ../04_benchmark/phys-prop/output/validation/summary-benchmarks-Density.csv
2025-09-05 17:04:09.180 | INFO     | __main__:main:215 - Read 7272 entries from 2 files
2025-09-05 17:04:09.182 | INFO     | __main__:main:227 - Filtered to 7272 entries with known forcefields
2025-09-05 17:04:09.184 | INFO     | __main__:main:238 - Filtered to 7272 entries with all 6 forcefields
2025-09-05 17:04:09.185 | INFO     | __main__:main:244 - Found 158 unique SMILES to label
2025-09-05 17:04:09.193 | INFO     | __main__:main:250 - Loaded 1063 checkmol labels from labels/checkmol
2025-09-05 17:04:09.195 | INFO     | __main__:main:255 - Loaded 7113 forcefield labels from labels/forcefields/v1-k100
2025-09-05 17:04:09.397 | INFO     | __main__:main:293 - Found 44 unique Checkmol groups
2025-09-05 17:04:09.398 | INFO     | __main__:main:300 - Found 18 unique Angles forcefield parameters
2025-09-05 17:04:09.398 | INFO     | __main__:main:300 - Found 32 unique Bonds forcefield parameters
2025-09-05 17:04:09.398 | INFO     | __main__:main:300 - Found 56 unique ProperTorsions forcefield parameters
2025-09-05 17:04:09.398 | INFO     | __main__:main:300 - Found 22 unique vdW forcefield parameters
2025-09-05 17:04:09.398 | INFO     | __main__:main:300 - Found 5 unique ImproperTorsions forcefield parameters
2025-09-05 17:04:14.811 | INFO     | __main__:main:328 - Wrote 7272 entries to output/phys-prop/density/labelled-properties.csv
2025-09-05 17:04:14.812 | INFO     | __main__:main:343 - Using abs error threshold 0.05
2025-09-05 17:04:14.814 | INFO     | __main__:main:367 - Found 25 high error entries for Sage 2.0.0
2025-09-05 17:04:14.819 | INFO     | __main__:main:367 - Found 24 high error entries for Sage 2.2.1
2025-09-05 17:04:14.824 | INFO     | __main__:main:367 - Found 13 high error entries for Sage 2.3.0rc1
2025-09-05 17:04:14.828 | INFO     | __main__:main:367 - Found 26 high error entries for smee-v2
2025-09-05 17:04:14.833 | INFO     | __main__:main:367 - Found 18 high error entries for v1-k100
2025-09-05 17:04:14.837 | INFO     | __main__:main:367 - Found 17 high error entries for v3-k100
2025-09-05 17:04:14.843 | INFO     | __main__:main:412 - Found 165 overrepresented groups (ratio_representation > 1.5) across 6 forcefields
2025-09-05 17:04:14.843 | INFO     | __main__:main:416 - Overrepresented groups: n5, n5, n5, n5, Primary Aliphatic Amine, Primary Aliphatic Amine, Primary Aliphatic Amine, Primary Aliphatic Amine, n5, n5, 1,2 Aminoalcohol, Primary Aliphatic Amine, Primary Aliphatic Amine, 1,2 Aminoalcohol, t10, Primary Amine, 1,2 Aminoalcohol, 1,2 Aminoalcohol, Primary Amine, Primary Amine, Primary Amine, t10, Secondary Aliphatic Amine, a19, a19, t10, t10, Primary Amine, a19, Secondary Aliphatic Amine, Primary Amine, a19, Secondary Aliphatic Amine, a19, 1,2 Aminoalcohol, Secondary Aliphatic Amine, Secondary Amine, Secondary Amine, t10, Secondary Aliphatic Amine, a19, n23, b69, n23, b69, t51, b69, n23, Secondary Amine, b87, n11, t51, t51, b87, n11, Secondary Amine, b87, n11, n-tip3p-H, Aqueous, n-tip3p-O, t51, t51, Secondary Aliphatic Amine, a18, t58a, n11, b87, Secondary Amine, Amine, n11, b87, b7, Aqueous, n-tip3p-O, n-tip3p-H, t58a, a18, t58a, a18, n23, b69, n-tip3p-O, n-tip3p-H, Aqueous, b7, n23, b69, t10, Amine, b7, n11, b87, Amine, Secondary Alcohol, t51, Amine, b7, Secondary Alcohol, a18, t58a, t8, Amine, b7, Aqueous, n-tip3p-H, n-tip3p-O, Secondary Alcohol, Secondary Alcohol, a18, t58a, Secondary Amine, Amine, t98, n4, Acetal, n23, b69, Alkyl Fluoride, t6, Aqueous, n-tip3p-O, n-tip3p-H, b7, t8, t6, Alkyl Fluoride, t8, Secondary Alcohol, Aqueous, n-tip3p-H, n-tip3p-O, t8, Secondary Alcohol, Tertiary Aliphatic Amine, Tertiary Amine, t58a, a18, n20, Alkyl Fluoride, t6, t12, Alkyl Bromide, n25, b73, n20, t8, Alkyl Fluoride, t6, n20, n20, Primary Aromatic Amine, t8, n20, Primary Aromatic Amine, Primary Aromatic Amine, Tertiary Amine, Tertiary Aliphatic Amine, n20, Halogen Derivative, n25, b73, t12, Alkyl Bromide, Halogen Derivative
2025-09-05 17:04:14.847 | INFO     | __main__:main:420 - Wrote 1062 ratio representation entries to output/phys-prop/density/ratio_representation_0.05.csv
