2025-09-05 17:04:15.722 | INFO     | __main__:main:212 - Read 3366 entries from ../04_benchmark/phys-prop/output/training/summary-benchmarks-EnthalpyOfMixing.csv
2025-09-05 17:04:15.727 | INFO     | __main__:main:212 - Read 2616 entries from ../04_benchmark/phys-prop/output/validation/summary-benchmarks-EnthalpyOfMixing.csv
2025-09-05 17:04:15.727 | INFO     | __main__:main:215 - Read 5982 entries from 2 files
2025-09-05 17:04:15.729 | INFO     | __main__:main:227 - Filtered to 5982 entries with known forcefields
2025-09-05 17:04:15.730 | INFO     | __main__:main:238 - Filtered to 5982 entries with all 6 forcefields
2025-09-05 17:04:15.731 | INFO     | __main__:main:244 - Found 142 unique SMILES to label
2025-09-05 17:04:15.739 | INFO     | __main__:main:250 - Loaded 985 checkmol labels from labels/checkmol
2025-09-05 17:04:15.741 | INFO     | __main__:main:255 - Loaded 6548 forcefield labels from labels/forcefields/v1-k100
2025-09-05 17:04:15.946 | INFO     | __main__:main:293 - Found 41 unique Checkmol groups
2025-09-05 17:04:15.946 | INFO     | __main__:main:300 - Found 15 unique Angles forcefield parameters
2025-09-05 17:04:15.946 | INFO     | __main__:main:300 - Found 28 unique Bonds forcefield parameters
2025-09-05 17:04:15.946 | INFO     | __main__:main:300 - Found 48 unique ProperTorsions forcefield parameters
2025-09-05 17:04:15.946 | INFO     | __main__:main:300 - Found 21 unique vdW forcefield parameters
2025-09-05 17:04:15.946 | INFO     | __main__:main:300 - Found 4 unique ImproperTorsions forcefield parameters
2025-09-05 17:04:19.795 | INFO     | __main__:main:328 - Wrote 5982 entries to output/phys-prop/dhmix/labelled-properties.csv
2025-09-05 17:04:19.796 | INFO     | __main__:main:343 - Using abs error threshold 0.3
2025-09-05 17:04:19.797 | INFO     | __main__:main:367 - Found 358 high error entries for Sage 2.0.0
2025-09-05 17:04:19.802 | INFO     | __main__:main:367 - Found 305 high error entries for Sage 2.2.1
2025-09-05 17:04:19.806 | INFO     | __main__:main:367 - Found 277 high error entries for Sage 2.3.0rc1
2025-09-05 17:04:19.810 | INFO     | __main__:main:367 - Found 278 high error entries for smee-v2
2025-09-05 17:04:19.814 | INFO     | __main__:main:367 - Found 275 high error entries for v1-k100
2025-09-05 17:04:19.818 | INFO     | __main__:main:367 - Found 264 high error entries for v3-k100
2025-09-05 17:04:19.824 | INFO     | __main__:main:412 - Found 326 overrepresented groups (ratio_representation > 1.5) across 6 forcefields
2025-09-05 17:04:19.824 | INFO     | __main__:main:416 - Overrepresented groups: n5, n5, n5, n5, Aldehyde, n5, b13, t108, t86, t72, t71, t108, t86, t71, t72, b13, t72, b13, t108, t86, t71, t106, b18, b18, t106, t108, b13, t86, t71, t72, Secondary Aliphatic Amine, t71, t86, t108, t72, b13, Secondary Aliphatic Amine, Aqueous, n-tip3p-O, n-tip3p-H, n-tip3p-H, n-tip3p-O, Aqueous, n5, Aldehyde, Secondary Aliphatic Amine, t47, Secondary Aliphatic Amine, b18, t106, Aqueous, n-tip3p-O, n-tip3p-H, Secondary Amine, Aqueous, n-tip3p-H, n-tip3p-O, t23, t67, Lactam, Secondary Amine, b13, t108, t86, t72, t71, Secondary Amine, t106, b18, n-tip3p-O, n-tip3p-H, Aqueous, b18, t106, t6, Alkyl Fluoride, 1,2 Diol, t23, t67, Lactam, t58a, a18, t58a, a18, Secondary Amine, t58a, a18, a19, t23, t6, Lactam, Alkyl Fluoride, t67, Secondary Mixed Amine, t23, b27, Lactam, b25, Nitrile, Tertiary Alcohol, n15, t166, a16, t67, Alkyl Fluoride, t6, Orthocarboxylic Acid Derivative, Phenol, a19, b18, t106, a18, t58a, n-tip3p-H, n-tip3p-O, Aqueous, t80, b7, a19, t47, t6, Alkyl Fluoride, a19, b7, b7, Nitrile, b27, a16, t166, n15, b25, t64, t51, b10, Carboxylic Acid Tertiary Amide, Carboxylic Acid Amide, b9, t51, b7, t80, t51, b27, Nitrile, t166, n15, a16, b25, Alkyl Fluoride, t6, Tertiary Aliphatic Amine, Tertiary Amine, t166, a16, Nitrile, b25, b27, Phenol, n15, Secondary Aliphatic Amine, 1,2 Diol, Orthocarboxylic Acid Derivative, a20, t6, Alkyl Fluoride, Orthocarboxylic Acid Derivative, i4, b9, b10, Carboxylic Acid Tertiary Amide, t80, Carboxylic Acid Amide, Amine, t51, t80, n20, t75, t77, Amine, Tertiary Alcohol, n11, b87, b69, n23, t64, b87, n11, a18, t58a, n9, Tertiary Aliphatic Amine, Tertiary Amine, a14, a14, b10, Carboxylic Acid Tertiary Amide, Carboxylic Acid Amide, b9, b7, Tertiary Aliphatic Amine, Tertiary Amine, Secondary Amine, t64, Orthocarboxylic Acid Derivative, a20, t8, Orthocarboxylic Acid Derivative, n20, t74, 1,2 Aminoalcohol, a20, Primary Aliphatic Amine, Amine, Tertiary Aliphatic Amine, Tertiary Amine, n20, a14, b25, t166, b27, a16, n15, Nitrile, Secondary Mixed Amine, a14, b87, n11, Amine, i4, 1,2 Diol, Orthocarboxylic Acid Derivative, Secondary Mixed Amine, n23, b69, Tertiary Alcohol, Primary Aliphatic Amine, t51, b69, t74, n23, Phenol, Tertiary Alcohol, Primary Aliphatic Amine, Lactam, t67, t23, Primary Aliphatic Amine, Primary Amine, Primary Aromatic Amine, i4, a19, n20, Phenol, Secondary Aliphatic Amine, t77, t75, n11, b87, t77, t75, a14, a21, b8, Phenol, Phenol, Primary Amine, t10, Tertiary Alcohol, a41, Amine, b69, n23, n23, b69, t23, t67, Lactam, Secondary Mixed Amine, b8, a21, Secondary Mixed Amine, b4, 1,2 Diol, n20, t8, Primary Aromatic Amine, t80, Primary Aliphatic Amine, Secondary Amine, i4, 1,2 Diol, 1,2 Diol, n11, b87, Tertiary Amine, Tertiary Aliphatic Amine, a19, t64, n23, b69, 1,2 Aminoalcohol, b7, a41, a41, a20, 1,2 Aminoalcohol, Secondary Alcohol, t10, Primary Aliphatic Amine, t80, t64, b9, Carboxylic Acid Tertiary Amide, Carboxylic Acid Amide, b10, t58a, a14, a18, Carboxylic Acid Amide, b9, b10, Carboxylic Acid Tertiary Amide, Primary Amine, i4, a20, t74, Primary Amine
2025-09-05 17:04:19.828 | INFO     | __main__:main:420 - Wrote 942 ratio representation entries to output/phys-prop/dhmix/ratio_representation_0.3.csv
