2025-09-05 17:04:23.623 | INFO     | __main__:main:212 - Read 2188 entries from ../04_benchmark/rbfes/output/dG.csv
2025-09-05 17:04:23.624 | INFO     | __main__:main:215 - Read 2188 entries from 1 files
2025-09-05 17:04:23.624 | INFO     | __main__:main:227 - Filtered to 1194 entries with known forcefields
2025-09-05 17:04:23.626 | INFO     | __main__:main:238 - Filtered to 1194 entries with all 6 forcefields
2025-09-05 17:04:23.626 | INFO     | __main__:main:244 - Found 199 unique SMILES to label
2025-09-05 17:04:23.642 | INFO     | __main__:main:250 - Loaded 1990 checkmol labels from labels/checkmol
2025-09-05 17:04:23.695 | INFO     | __main__:main:255 - Loaded 10817 forcefield labels from labels/forcefields/v1-k100
2025-09-05 17:04:23.919 | INFO     | __main__:main:293 - Found 50 unique Checkmol groups
2025-09-05 17:04:23.920 | INFO     | __main__:main:300 - Found 30 unique Angles forcefield parameters
2025-09-05 17:04:23.920 | INFO     | __main__:main:300 - Found 43 unique Bonds forcefield parameters
2025-09-05 17:04:23.920 | INFO     | __main__:main:300 - Found 6 unique ImproperTorsions forcefield parameters
2025-09-05 17:04:23.920 | INFO     | __main__:main:300 - Found 87 unique ProperTorsions forcefield parameters
2025-09-05 17:04:23.920 | INFO     | __main__:main:300 - Found 20 unique vdW forcefield parameters
2025-09-05 17:04:25.016 | INFO     | __main__:main:328 - Wrote 1194 entries to output/jacs/dG/labelled-properties.csv
2025-09-05 17:04:25.017 | INFO     | __main__:main:343 - Using abs error threshold 1.2
2025-09-05 17:04:25.018 | INFO     | __main__:main:367 - Found 199 high error entries for Sage 2.2.1 + AshGC
2025-09-05 17:04:25.025 | INFO     | __main__:main:367 - Found 199 high error entries for Sage 2.2.1 + ELF10
2025-09-05 17:04:25.030 | INFO     | __main__:main:367 - Found 199 high error entries for Sage 2.2.1+AM1-BCC
2025-09-05 17:04:25.036 | INFO     | __main__:main:367 - Found 199 high error entries for Sage 2.3.0rc0 + AshGC
2025-09-05 17:04:25.042 | INFO     | __main__:main:367 - Found 199 high error entries for Sage 2.3.0rc0 + ELF10
2025-09-05 17:04:25.048 | INFO     | __main__:main:367 - Found 199 high error entries for Sage 2.3.0rc1 + AshGC
2025-09-05 17:04:25.055 | INFO     | __main__:main:412 - Found 0 overrepresented groups (ratio_representation > 1.5) across 6 forcefields
2025-09-05 17:04:25.055 | INFO     | __main__:main:416 - Overrepresented groups: 
2025-09-05 17:04:25.060 | INFO     | __main__:main:420 - Wrote 1416 ratio representation entries to output/jacs/dG/ratio_representation_1.2.csv
