2025-09-05 18:18:22.752 | INFO     | __main__:main:399 - Saved scatter plot for group All to images/phys-prop-scatters/densities-smee/scatter-All.png
2025-09-05 18:18:23.075 | INFO     | __main__:main:399 - Saved scatter plot for group 1,2 Aminoalcohol to images/phys-prop-scatters/densities-smee/scatter-1,2 Aminoalcohol.png
2025-09-05 18:18:23.440 | INFO     | __main__:main:399 - Saved scatter plot for group 1,2 Diol to images/phys-prop-scatters/densities-smee/scatter-1,2 Diol.png
2025-09-05 18:18:23.757 | INFO     | __main__:main:399 - Saved scatter plot for group Acetal to images/phys-prop-scatters/densities-smee/scatter-Acetal.png
2025-09-05 18:18:24.103 | INFO     | __main__:main:399 - Saved scatter plot for group Alcohol to images/phys-prop-scatters/densities-smee/scatter-Alcohol.png
2025-09-05 18:18:24.104 | INFO     | __main__:main:369 - Skipping group Aldehyde with 4 entries (< 10)
2025-09-05 18:18:24.433 | INFO     | __main__:main:399 - Saved scatter plot for group Alkane to images/phys-prop-scatters/densities-smee/scatter-Alkane.png
2025-09-05 18:18:24.729 | INFO     | __main__:main:399 - Saved scatter plot for group Alkene to images/phys-prop-scatters/densities-smee/scatter-Alkene.png
2025-09-05 18:18:25.096 | INFO     | __main__:main:399 - Saved scatter plot for group Alkyl Bromide to images/phys-prop-scatters/densities-smee/scatter-Alkyl Bromide.png
2025-09-05 18:18:25.408 | INFO     | __main__:main:399 - Saved scatter plot for group Alkyl Chloride to images/phys-prop-scatters/densities-smee/scatter-Alkyl Chloride.png
2025-09-05 18:18:25.706 | INFO     | __main__:main:399 - Saved scatter plot for group Alkyl Fluoride to images/phys-prop-scatters/densities-smee/scatter-Alkyl Fluoride.png
2025-09-05 18:18:26.016 | INFO     | __main__:main:399 - Saved scatter plot for group Alkylarylether to images/phys-prop-scatters/densities-smee/scatter-Alkylarylether.png
2025-09-05 18:18:26.327 | INFO     | __main__:main:399 - Saved scatter plot for group Amine to images/phys-prop-scatters/densities-smee/scatter-Amine.png
2025-09-05 18:18:26.640 | INFO     | __main__:main:399 - Saved scatter plot for group Aqueous to images/phys-prop-scatters/densities-smee/scatter-Aqueous.png
2025-09-05 18:18:27.017 | INFO     | __main__:main:399 - Saved scatter plot for group Aromatic to images/phys-prop-scatters/densities-smee/scatter-Aromatic.png
2025-09-05 18:18:27.317 | INFO     | __main__:main:399 - Saved scatter plot for group Aryl Chloride to images/phys-prop-scatters/densities-smee/scatter-Aryl Chloride.png
2025-09-05 18:18:27.635 | INFO     | __main__:main:399 - Saved scatter plot for group Carbonyl to images/phys-prop-scatters/densities-smee/scatter-Carbonyl.png
2025-09-05 18:18:27.635 | INFO     | __main__:main:369 - Skipping group Carboxylic Acid with 7 entries (< 10)
2025-09-05 18:18:27.956 | INFO     | __main__:main:399 - Saved scatter plot for group Carboxylic Acid Amide to images/phys-prop-scatters/densities-smee/scatter-Carboxylic Acid Amide.png
2025-09-05 18:18:28.310 | INFO     | __main__:main:399 - Saved scatter plot for group Carboxylic Acid Derivative to images/phys-prop-scatters/densities-smee/scatter-Carboxylic Acid Derivative.png
2025-09-05 18:18:28.707 | INFO     | __main__:main:399 - Saved scatter plot for group Carboxylic Acid Ester to images/phys-prop-scatters/densities-smee/scatter-Carboxylic Acid Ester.png
2025-09-05 18:18:29.025 | INFO     | __main__:main:399 - Saved scatter plot for group Carboxylic Acid Tertiary Amide to images/phys-prop-scatters/densities-smee/scatter-Carboxylic Acid Tertiary Amide.png
2025-09-05 18:18:29.335 | INFO     | __main__:main:399 - Saved scatter plot for group Dialkylether to images/phys-prop-scatters/densities-smee/scatter-Dialkylether.png
2025-09-05 18:18:29.640 | INFO     | __main__:main:399 - Saved scatter plot for group Ether to images/phys-prop-scatters/densities-smee/scatter-Ether.png
2025-09-05 18:18:30.046 | INFO     | __main__:main:399 - Saved scatter plot for group Halogen Derivative to images/phys-prop-scatters/densities-smee/scatter-Halogen Derivative.png
2025-09-05 18:18:30.362 | INFO     | __main__:main:399 - Saved scatter plot for group Heterocycle to images/phys-prop-scatters/densities-smee/scatter-Heterocycle.png
2025-09-05 18:18:30.688 | INFO     | __main__:main:399 - Saved scatter plot for group Hydroxy to images/phys-prop-scatters/densities-smee/scatter-Hydroxy.png
2025-09-05 18:18:30.999 | INFO     | __main__:main:399 - Saved scatter plot for group Ketone to images/phys-prop-scatters/densities-smee/scatter-Ketone.png
2025-09-05 18:18:31.303 | INFO     | __main__:main:399 - Saved scatter plot for group Lactam to images/phys-prop-scatters/densities-smee/scatter-Lactam.png
2025-09-05 18:18:31.303 | INFO     | __main__:main:369 - Skipping group Lactone with 5 entries (< 10)
2025-09-05 18:18:31.675 | INFO     | __main__:main:399 - Saved scatter plot for group Nitrile to images/phys-prop-scatters/densities-smee/scatter-Nitrile.png
2025-09-05 18:18:31.983 | INFO     | __main__:main:399 - Saved scatter plot for group Orthocarboxylic Acid Derivative to images/phys-prop-scatters/densities-smee/scatter-Orthocarboxylic Acid Derivative.png
2025-09-05 18:18:31.983 | INFO     | __main__:main:369 - Skipping group Phenol with 8 entries (< 10)
2025-09-05 18:18:32.323 | INFO     | __main__:main:399 - Saved scatter plot for group Primary Alcohol to images/phys-prop-scatters/densities-smee/scatter-Primary Alcohol.png
2025-09-05 18:18:32.635 | INFO     | __main__:main:399 - Saved scatter plot for group Primary Aliphatic Amine to images/phys-prop-scatters/densities-smee/scatter-Primary Aliphatic Amine.png
2025-09-05 18:18:32.949 | INFO     | __main__:main:399 - Saved scatter plot for group Primary Amine to images/phys-prop-scatters/densities-smee/scatter-Primary Amine.png
2025-09-05 18:18:33.263 | INFO     | __main__:main:399 - Saved scatter plot for group Primary Aromatic Amine to images/phys-prop-scatters/densities-smee/scatter-Primary Aromatic Amine.png
2025-09-05 18:18:33.637 | INFO     | __main__:main:399 - Saved scatter plot for group Secondary Alcohol to images/phys-prop-scatters/densities-smee/scatter-Secondary Alcohol.png
2025-09-05 18:18:33.955 | INFO     | __main__:main:399 - Saved scatter plot for group Secondary Aliphatic Amine to images/phys-prop-scatters/densities-smee/scatter-Secondary Aliphatic Amine.png
2025-09-05 18:18:34.258 | INFO     | __main__:main:399 - Saved scatter plot for group Secondary Amine to images/phys-prop-scatters/densities-smee/scatter-Secondary Amine.png
2025-09-05 18:18:34.562 | INFO     | __main__:main:399 - Saved scatter plot for group Secondary Mixed Amine to images/phys-prop-scatters/densities-smee/scatter-Secondary Mixed Amine.png
2025-09-05 18:18:34.562 | INFO     | __main__:main:369 - Skipping group Sulfone with 1 entries (< 10)
2025-09-05 18:18:34.879 | INFO     | __main__:main:399 - Saved scatter plot for group Tertiary Alcohol to images/phys-prop-scatters/densities-smee/scatter-Tertiary Alcohol.png
2025-09-05 18:18:35.194 | INFO     | __main__:main:399 - Saved scatter plot for group Tertiary Aliphatic Amine to images/phys-prop-scatters/densities-smee/scatter-Tertiary Aliphatic Amine.png
2025-09-05 18:18:35.560 | INFO     | __main__:main:399 - Saved scatter plot for group Tertiary Amine to images/phys-prop-scatters/densities-smee/scatter-Tertiary Amine.png
2025-09-05 18:18:35.959 | INFO     | __main__:main:399 - Saved scatter plot for group b1 to images/phys-prop-scatters/densities-smee/scatter-b1.png
2025-09-05 18:18:36.270 | INFO     | __main__:main:399 - Saved scatter plot for group b2 to images/phys-prop-scatters/densities-smee/scatter-b2.png
2025-09-05 18:18:36.679 | INFO     | __main__:main:399 - Saved scatter plot for group b3 to images/phys-prop-scatters/densities-smee/scatter-b3.png
2025-09-05 18:18:36.998 | INFO     | __main__:main:399 - Saved scatter plot for group b4 to images/phys-prop-scatters/densities-smee/scatter-b4.png
2025-09-05 18:18:37.315 | INFO     | __main__:main:399 - Saved scatter plot for group b5 to images/phys-prop-scatters/densities-smee/scatter-b5.png
2025-09-05 18:18:37.616 | INFO     | __main__:main:399 - Saved scatter plot for group b6 to images/phys-prop-scatters/densities-smee/scatter-b6.png
2025-09-05 18:18:37.925 | INFO     | __main__:main:399 - Saved scatter plot for group b7 to images/phys-prop-scatters/densities-smee/scatter-b7.png
2025-09-05 18:18:38.237 | INFO     | __main__:main:399 - Saved scatter plot for group b8 to images/phys-prop-scatters/densities-smee/scatter-b8.png
2025-09-05 18:18:38.617 | INFO     | __main__:main:399 - Saved scatter plot for group b9 to images/phys-prop-scatters/densities-smee/scatter-b9.png
2025-09-05 18:18:38.924 | INFO     | __main__:main:399 - Saved scatter plot for group b10 to images/phys-prop-scatters/densities-smee/scatter-b10.png
2025-09-05 18:18:38.925 | INFO     | __main__:main:369 - Skipping group b11 with 4 entries (< 10)
2025-09-05 18:18:39.220 | INFO     | __main__:main:399 - Saved scatter plot for group b12 to images/phys-prop-scatters/densities-smee/scatter-b12.png
2025-09-05 18:18:39.527 | INFO     | __main__:main:399 - Saved scatter plot for group b13 to images/phys-prop-scatters/densities-smee/scatter-b13.png
2025-09-05 18:18:39.846 | INFO     | __main__:main:399 - Saved scatter plot for group b14 to images/phys-prop-scatters/densities-smee/scatter-b14.png
2025-09-05 18:18:40.260 | INFO     | __main__:main:399 - Saved scatter plot for group b16 to images/phys-prop-scatters/densities-smee/scatter-b16.png
2025-09-05 18:18:40.260 | INFO     | __main__:main:369 - Skipping group b17 with 1 entries (< 10)
2025-09-05 18:18:40.567 | INFO     | __main__:main:399 - Saved scatter plot for group b18 to images/phys-prop-scatters/densities-smee/scatter-b18.png
2025-09-05 18:18:40.874 | INFO     | __main__:main:399 - Saved scatter plot for group b19 to images/phys-prop-scatters/densities-smee/scatter-b19.png
2025-09-05 18:18:41.217 | INFO     | __main__:main:399 - Saved scatter plot for group b20 to images/phys-prop-scatters/densities-smee/scatter-b20.png
2025-09-05 18:18:41.626 | INFO     | __main__:main:399 - Saved scatter plot for group b21 to images/phys-prop-scatters/densities-smee/scatter-b21.png
2025-09-05 18:18:41.936 | INFO     | __main__:main:399 - Saved scatter plot for group b25 to images/phys-prop-scatters/densities-smee/scatter-b25.png
2025-09-05 18:18:42.247 | INFO     | __main__:main:399 - Saved scatter plot for group b27 to images/phys-prop-scatters/densities-smee/scatter-b27.png
2025-09-05 18:18:42.247 | INFO     | __main__:main:369 - Skipping group b56 with 1 entries (< 10)
2025-09-05 18:18:42.247 | INFO     | __main__:main:369 - Skipping group b59 with 1 entries (< 10)
2025-09-05 18:18:42.563 | INFO     | __main__:main:399 - Saved scatter plot for group b69 to images/phys-prop-scatters/densities-smee/scatter-b69.png
2025-09-05 18:18:42.856 | INFO     | __main__:main:399 - Saved scatter plot for group b70 to images/phys-prop-scatters/densities-smee/scatter-b70.png
2025-09-05 18:18:43.162 | INFO     | __main__:main:399 - Saved scatter plot for group b71 to images/phys-prop-scatters/densities-smee/scatter-b71.png
2025-09-05 18:18:43.558 | INFO     | __main__:main:399 - Saved scatter plot for group b73 to images/phys-prop-scatters/densities-smee/scatter-b73.png
2025-09-05 18:18:43.960 | INFO     | __main__:main:399 - Saved scatter plot for group b84 to images/phys-prop-scatters/densities-smee/scatter-b84.png
2025-09-05 18:18:44.306 | INFO     | __main__:main:399 - Saved scatter plot for group b85 to images/phys-prop-scatters/densities-smee/scatter-b85.png
2025-09-05 18:18:44.678 | INFO     | __main__:main:399 - Saved scatter plot for group b87 to images/phys-prop-scatters/densities-smee/scatter-b87.png
2025-09-05 18:18:45.004 | INFO     | __main__:main:399 - Saved scatter plot for group b88 to images/phys-prop-scatters/densities-smee/scatter-b88.png
2025-09-05 18:18:45.404 | INFO     | __main__:main:399 - Saved scatter plot for group a1 to images/phys-prop-scatters/densities-smee/scatter-a1.png
2025-09-05 18:18:45.865 | INFO     | __main__:main:399 - Saved scatter plot for group a2 to images/phys-prop-scatters/densities-smee/scatter-a2.png
2025-09-05 18:18:46.224 | INFO     | __main__:main:399 - Saved scatter plot for group a10 to images/phys-prop-scatters/densities-smee/scatter-a10.png
2025-09-05 18:18:46.637 | INFO     | __main__:main:399 - Saved scatter plot for group a11 to images/phys-prop-scatters/densities-smee/scatter-a11.png
2025-09-05 18:18:46.937 | INFO     | __main__:main:399 - Saved scatter plot for group a12 to images/phys-prop-scatters/densities-smee/scatter-a12.png
2025-09-05 18:18:47.244 | INFO     | __main__:main:399 - Saved scatter plot for group a14 to images/phys-prop-scatters/densities-smee/scatter-a14.png
2025-09-05 18:18:47.593 | INFO     | __main__:main:399 - Saved scatter plot for group a15 to images/phys-prop-scatters/densities-smee/scatter-a15.png
2025-09-05 18:18:47.915 | INFO     | __main__:main:399 - Saved scatter plot for group a16 to images/phys-prop-scatters/densities-smee/scatter-a16.png
2025-09-05 18:18:48.219 | INFO     | __main__:main:399 - Saved scatter plot for group a18 to images/phys-prop-scatters/densities-smee/scatter-a18.png
2025-09-05 18:18:48.521 | INFO     | __main__:main:399 - Saved scatter plot for group a19 to images/phys-prop-scatters/densities-smee/scatter-a19.png
2025-09-05 18:18:48.904 | INFO     | __main__:main:399 - Saved scatter plot for group a20 to images/phys-prop-scatters/densities-smee/scatter-a20.png
2025-09-05 18:18:49.214 | INFO     | __main__:main:399 - Saved scatter plot for group a21 to images/phys-prop-scatters/densities-smee/scatter-a21.png
2025-09-05 18:18:49.510 | INFO     | __main__:main:399 - Saved scatter plot for group a22 to images/phys-prop-scatters/densities-smee/scatter-a22.png
2025-09-05 18:18:49.892 | INFO     | __main__:main:399 - Saved scatter plot for group a28 to images/phys-prop-scatters/densities-smee/scatter-a28.png
2025-09-05 18:18:49.892 | INFO     | __main__:main:369 - Skipping group a31 with 1 entries (< 10)
2025-09-05 18:18:49.892 | INFO     | __main__:main:369 - Skipping group a32 with 1 entries (< 10)
2025-09-05 18:18:50.216 | INFO     | __main__:main:399 - Saved scatter plot for group a41 to images/phys-prop-scatters/densities-smee/scatter-a41.png
2025-09-05 18:18:50.216 | INFO     | __main__:main:369 - Skipping group a41a with 1 entries (< 10)
2025-09-05 18:18:50.676 | INFO     | __main__:main:399 - Saved scatter plot for group t1 to images/phys-prop-scatters/densities-smee/scatter-t1.png
2025-09-05 18:18:51.030 | INFO     | __main__:main:399 - Saved scatter plot for group t2 to images/phys-prop-scatters/densities-smee/scatter-t2.png
2025-09-05 18:18:51.485 | INFO     | __main__:main:399 - Saved scatter plot for group t3 to images/phys-prop-scatters/densities-smee/scatter-t3.png
2025-09-05 18:18:51.861 | INFO     | __main__:main:399 - Saved scatter plot for group t4 to images/phys-prop-scatters/densities-smee/scatter-t4.png
2025-09-05 18:18:52.176 | INFO     | __main__:main:399 - Saved scatter plot for group t5 to images/phys-prop-scatters/densities-smee/scatter-t5.png
2025-09-05 18:18:52.556 | INFO     | __main__:main:399 - Saved scatter plot for group t6 to images/phys-prop-scatters/densities-smee/scatter-t6.png
2025-09-05 18:18:52.869 | INFO     | __main__:main:399 - Saved scatter plot for group t7 to images/phys-prop-scatters/densities-smee/scatter-t7.png
2025-09-05 18:18:53.188 | INFO     | __main__:main:399 - Saved scatter plot for group t8 to images/phys-prop-scatters/densities-smee/scatter-t8.png
2025-09-05 18:18:53.545 | INFO     | __main__:main:399 - Saved scatter plot for group t9 to images/phys-prop-scatters/densities-smee/scatter-t9.png
2025-09-05 18:18:53.849 | INFO     | __main__:main:399 - Saved scatter plot for group t10 to images/phys-prop-scatters/densities-smee/scatter-t10.png
2025-09-05 18:18:54.157 | INFO     | __main__:main:399 - Saved scatter plot for group t11 to images/phys-prop-scatters/densities-smee/scatter-t11.png
2025-09-05 18:18:54.560 | INFO     | __main__:main:399 - Saved scatter plot for group t12 to images/phys-prop-scatters/densities-smee/scatter-t12.png
2025-09-05 18:18:54.901 | INFO     | __main__:main:399 - Saved scatter plot for group t17 to images/phys-prop-scatters/densities-smee/scatter-t17.png
2025-09-05 18:18:55.219 | INFO     | __main__:main:399 - Saved scatter plot for group t17a to images/phys-prop-scatters/densities-smee/scatter-t17a.png
2025-09-05 18:18:55.545 | INFO     | __main__:main:399 - Saved scatter plot for group t18 to images/phys-prop-scatters/densities-smee/scatter-t18.png
2025-09-05 18:18:55.975 | INFO     | __main__:main:399 - Saved scatter plot for group t19 to images/phys-prop-scatters/densities-smee/scatter-t19.png
2025-09-05 18:18:56.285 | INFO     | __main__:main:399 - Saved scatter plot for group t20 to images/phys-prop-scatters/densities-smee/scatter-t20.png
2025-09-05 18:18:56.285 | INFO     | __main__:main:369 - Skipping group t21 with 1 entries (< 10)
2025-09-05 18:18:56.600 | INFO     | __main__:main:399 - Saved scatter plot for group t23 to images/phys-prop-scatters/densities-smee/scatter-t23.png
2025-09-05 18:18:56.914 | INFO     | __main__:main:399 - Saved scatter plot for group t43 to images/phys-prop-scatters/densities-smee/scatter-t43.png
2025-09-05 18:18:57.240 | INFO     | __main__:main:399 - Saved scatter plot for group t44 to images/phys-prop-scatters/densities-smee/scatter-t44.png
2025-09-05 18:18:57.542 | INFO     | __main__:main:399 - Saved scatter plot for group t45 to images/phys-prop-scatters/densities-smee/scatter-t45.png
2025-09-05 18:18:57.542 | INFO     | __main__:main:369 - Skipping group t46 with 6 entries (< 10)
2025-09-05 18:18:57.542 | INFO     | __main__:main:369 - Skipping group t47 with 9 entries (< 10)
2025-09-05 18:18:57.844 | INFO     | __main__:main:399 - Saved scatter plot for group t51 to images/phys-prop-scatters/densities-smee/scatter-t51.png
2025-09-05 18:18:58.217 | INFO     | __main__:main:399 - Saved scatter plot for group t58a to images/phys-prop-scatters/densities-smee/scatter-t58a.png
2025-09-05 18:18:58.519 | INFO     | __main__:main:399 - Saved scatter plot for group t64 to images/phys-prop-scatters/densities-smee/scatter-t64.png
2025-09-05 18:18:58.827 | INFO     | __main__:main:399 - Saved scatter plot for group t67 to images/phys-prop-scatters/densities-smee/scatter-t67.png
2025-09-05 18:18:59.142 | INFO     | __main__:main:399 - Saved scatter plot for group t71 to images/phys-prop-scatters/densities-smee/scatter-t71.png
2025-09-05 18:18:59.460 | INFO     | __main__:main:399 - Saved scatter plot for group t72 to images/phys-prop-scatters/densities-smee/scatter-t72.png
2025-09-05 18:18:59.776 | INFO     | __main__:main:399 - Saved scatter plot for group t74 to images/phys-prop-scatters/densities-smee/scatter-t74.png
2025-09-05 18:19:00.161 | INFO     | __main__:main:399 - Saved scatter plot for group t75 to images/phys-prop-scatters/densities-smee/scatter-t75.png
2025-09-05 18:19:00.471 | INFO     | __main__:main:399 - Saved scatter plot for group t77 to images/phys-prop-scatters/densities-smee/scatter-t77.png
2025-09-05 18:19:00.771 | INFO     | __main__:main:399 - Saved scatter plot for group t80 to images/phys-prop-scatters/densities-smee/scatter-t80.png
2025-09-05 18:19:00.771 | INFO     | __main__:main:369 - Skipping group t82 with 4 entries (< 10)
2025-09-05 18:19:00.771 | INFO     | __main__:main:369 - Skipping group t83 with 4 entries (< 10)
2025-09-05 18:19:01.066 | INFO     | __main__:main:399 - Saved scatter plot for group t84 to images/phys-prop-scatters/densities-smee/scatter-t84.png
2025-09-05 18:19:01.364 | INFO     | __main__:main:399 - Saved scatter plot for group t85 to images/phys-prop-scatters/densities-smee/scatter-t85.png
2025-09-05 18:19:01.672 | INFO     | __main__:main:399 - Saved scatter plot for group t86 to images/phys-prop-scatters/densities-smee/scatter-t86.png
2025-09-05 18:19:02.053 | INFO     | __main__:main:399 - Saved scatter plot for group t93 to images/phys-prop-scatters/densities-smee/scatter-t93.png
2025-09-05 18:19:02.387 | INFO     | __main__:main:399 - Saved scatter plot for group t94 to images/phys-prop-scatters/densities-smee/scatter-t94.png
2025-09-05 18:19:02.745 | INFO     | __main__:main:399 - Saved scatter plot for group t95 to images/phys-prop-scatters/densities-smee/scatter-t95.png
2025-09-05 18:19:03.060 | INFO     | __main__:main:399 - Saved scatter plot for group t96 to images/phys-prop-scatters/densities-smee/scatter-t96.png
2025-09-05 18:19:03.458 | INFO     | __main__:main:399 - Saved scatter plot for group t97 to images/phys-prop-scatters/densities-smee/scatter-t97.png
2025-09-05 18:19:03.766 | INFO     | __main__:main:399 - Saved scatter plot for group t98 to images/phys-prop-scatters/densities-smee/scatter-t98.png
2025-09-05 18:19:04.069 | INFO     | __main__:main:399 - Saved scatter plot for group t105 to images/phys-prop-scatters/densities-smee/scatter-t105.png
2025-09-05 18:19:04.381 | INFO     | __main__:main:399 - Saved scatter plot for group t106 to images/phys-prop-scatters/densities-smee/scatter-t106.png
2025-09-05 18:19:04.726 | INFO     | __main__:main:399 - Saved scatter plot for group t107 to images/phys-prop-scatters/densities-smee/scatter-t107.png
2025-09-05 18:19:05.123 | INFO     | __main__:main:399 - Saved scatter plot for group t108 to images/phys-prop-scatters/densities-smee/scatter-t108.png
2025-09-05 18:19:05.124 | INFO     | __main__:main:369 - Skipping group t109 with 7 entries (< 10)
2025-09-05 18:19:05.484 | INFO     | __main__:main:399 - Saved scatter plot for group t110 to images/phys-prop-scatters/densities-smee/scatter-t110.png
2025-09-05 18:19:05.484 | INFO     | __main__:main:369 - Skipping group t111 with 5 entries (< 10)
2025-09-05 18:19:05.484 | INFO     | __main__:main:369 - Skipping group t118 with 1 entries (< 10)
2025-09-05 18:19:05.485 | INFO     | __main__:main:369 - Skipping group t119 with 1 entries (< 10)
2025-09-05 18:19:05.485 | INFO     | __main__:main:369 - Skipping group t120 with 1 entries (< 10)
2025-09-05 18:19:05.828 | INFO     | __main__:main:399 - Saved scatter plot for group t166 to images/phys-prop-scatters/densities-smee/scatter-t166.png
2025-09-05 18:19:06.183 | INFO     | __main__:main:399 - Saved scatter plot for group i1 to images/phys-prop-scatters/densities-smee/scatter-i1.png
2025-09-05 18:19:06.612 | INFO     | __main__:main:399 - Saved scatter plot for group i2 to images/phys-prop-scatters/densities-smee/scatter-i2.png
2025-09-05 18:19:06.935 | INFO     | __main__:main:399 - Saved scatter plot for group i4 to images/phys-prop-scatters/densities-smee/scatter-i4.png
2025-09-05 18:19:07.256 | INFO     | __main__:main:399 - Saved scatter plot for group i6 to images/phys-prop-scatters/densities-smee/scatter-i6.png
2025-09-05 18:19:07.257 | INFO     | __main__:main:369 - Skipping group i7 with 4 entries (< 10)
2025-09-05 18:19:07.661 | INFO     | __main__:main:399 - Saved scatter plot for group n2 to images/phys-prop-scatters/densities-smee/scatter-n2.png
2025-09-05 18:19:08.116 | INFO     | __main__:main:399 - Saved scatter plot for group n3 to images/phys-prop-scatters/densities-smee/scatter-n3.png
2025-09-05 18:19:08.434 | INFO     | __main__:main:399 - Saved scatter plot for group n4 to images/phys-prop-scatters/densities-smee/scatter-n4.png
2025-09-05 18:19:08.435 | INFO     | __main__:main:369 - Skipping group n5 with 4 entries (< 10)
2025-09-05 18:19:08.758 | INFO     | __main__:main:399 - Saved scatter plot for group n7 to images/phys-prop-scatters/densities-smee/scatter-n7.png
2025-09-05 18:19:09.093 | INFO     | __main__:main:399 - Saved scatter plot for group n8 to images/phys-prop-scatters/densities-smee/scatter-n8.png
2025-09-05 18:19:09.501 | INFO     | __main__:main:399 - Saved scatter plot for group n9 to images/phys-prop-scatters/densities-smee/scatter-n9.png
2025-09-05 18:19:09.839 | INFO     | __main__:main:399 - Saved scatter plot for group n11 to images/phys-prop-scatters/densities-smee/scatter-n11.png
2025-09-05 18:19:10.190 | INFO     | __main__:main:399 - Saved scatter plot for group n12 to images/phys-prop-scatters/densities-smee/scatter-n12.png
2025-09-05 18:19:10.604 | INFO     | __main__:main:399 - Saved scatter plot for group n14 to images/phys-prop-scatters/densities-smee/scatter-n14.png
2025-09-05 18:19:10.975 | INFO     | __main__:main:399 - Saved scatter plot for group n15 to images/phys-prop-scatters/densities-smee/scatter-n15.png
2025-09-05 18:19:11.455 | INFO     | __main__:main:399 - Saved scatter plot for group n16 to images/phys-prop-scatters/densities-smee/scatter-n16.png
2025-09-05 18:19:11.811 | INFO     | __main__:main:399 - Saved scatter plot for group n17 to images/phys-prop-scatters/densities-smee/scatter-n17.png
2025-09-05 18:19:12.253 | INFO     | __main__:main:399 - Saved scatter plot for group n18 to images/phys-prop-scatters/densities-smee/scatter-n18.png
2025-09-05 18:19:12.594 | INFO     | __main__:main:399 - Saved scatter plot for group n19 to images/phys-prop-scatters/densities-smee/scatter-n19.png
2025-09-05 18:19:12.938 | INFO     | __main__:main:399 - Saved scatter plot for group n20 to images/phys-prop-scatters/densities-smee/scatter-n20.png
2025-09-05 18:19:12.938 | INFO     | __main__:main:369 - Skipping group n21 with 1 entries (< 10)
2025-09-05 18:19:13.250 | INFO     | __main__:main:399 - Saved scatter plot for group n23 to images/phys-prop-scatters/densities-smee/scatter-n23.png
2025-09-05 18:19:13.647 | INFO     | __main__:main:399 - Saved scatter plot for group n24 to images/phys-prop-scatters/densities-smee/scatter-n24.png
2025-09-05 18:19:13.975 | INFO     | __main__:main:399 - Saved scatter plot for group n25 to images/phys-prop-scatters/densities-smee/scatter-n25.png
2025-09-05 18:19:14.293 | INFO     | __main__:main:399 - Saved scatter plot for group n-tip3p-O to images/phys-prop-scatters/densities-smee/scatter-n-tip3p-O.png
2025-09-05 18:19:14.604 | INFO     | __main__:main:399 - Saved scatter plot for group n-tip3p-H to images/phys-prop-scatters/densities-smee/scatter-n-tip3p-H.png
