2025-09-05 18:17:50.464 | INFO     | __main__:main:399 - Saved scatter plot for group All to images/phys-prop-scatters/densities-refit/scatter-All.png
2025-09-05 18:17:51.003 | INFO     | __main__:main:399 - Saved scatter plot for group 1,2 Aminoalcohol to images/phys-prop-scatters/densities-refit/scatter-1,2 Aminoalcohol.png
2025-09-05 18:17:51.515 | INFO     | __main__:main:399 - Saved scatter plot for group 1,2 Diol to images/phys-prop-scatters/densities-refit/scatter-1,2 Diol.png
2025-09-05 18:17:52.011 | INFO     | __main__:main:399 - Saved scatter plot for group Acetal to images/phys-prop-scatters/densities-refit/scatter-Acetal.png
2025-09-05 18:17:52.598 | INFO     | __main__:main:399 - Saved scatter plot for group Alcohol to images/phys-prop-scatters/densities-refit/scatter-Alcohol.png
2025-09-05 18:17:52.599 | INFO     | __main__:main:369 - Skipping group Aldehyde with 4 entries (< 10)
2025-09-05 18:17:53.105 | INFO     | __main__:main:399 - Saved scatter plot for group Alkane to images/phys-prop-scatters/densities-refit/scatter-Alkane.png
2025-09-05 18:17:53.578 | INFO     | __main__:main:399 - Saved scatter plot for group Alkene to images/phys-prop-scatters/densities-refit/scatter-Alkene.png
2025-09-05 18:17:54.137 | INFO     | __main__:main:399 - Saved scatter plot for group Alkyl Bromide to images/phys-prop-scatters/densities-refit/scatter-Alkyl Bromide.png
2025-09-05 18:17:54.631 | INFO     | __main__:main:399 - Saved scatter plot for group Alkyl Chloride to images/phys-prop-scatters/densities-refit/scatter-Alkyl Chloride.png
2025-09-05 18:17:55.094 | INFO     | __main__:main:399 - Saved scatter plot for group Alkyl Fluoride to images/phys-prop-scatters/densities-refit/scatter-Alkyl Fluoride.png
2025-09-05 18:17:55.576 | INFO     | __main__:main:399 - Saved scatter plot for group Alkylarylether to images/phys-prop-scatters/densities-refit/scatter-Alkylarylether.png
2025-09-05 18:17:56.128 | INFO     | __main__:main:399 - Saved scatter plot for group Amine to images/phys-prop-scatters/densities-refit/scatter-Amine.png
2025-09-05 18:17:56.605 | INFO     | __main__:main:399 - Saved scatter plot for group Aqueous to images/phys-prop-scatters/densities-refit/scatter-Aqueous.png
2025-09-05 18:17:57.118 | INFO     | __main__:main:399 - Saved scatter plot for group Aromatic to images/phys-prop-scatters/densities-refit/scatter-Aromatic.png
2025-09-05 18:17:57.668 | INFO     | __main__:main:399 - Saved scatter plot for group Aryl Chloride to images/phys-prop-scatters/densities-refit/scatter-Aryl Chloride.png
2025-09-05 18:17:58.166 | INFO     | __main__:main:399 - Saved scatter plot for group Carbonyl to images/phys-prop-scatters/densities-refit/scatter-Carbonyl.png
2025-09-05 18:17:58.167 | INFO     | __main__:main:369 - Skipping group Carboxylic Acid with 7 entries (< 10)
2025-09-05 18:17:58.639 | INFO     | __main__:main:399 - Saved scatter plot for group Carboxylic Acid Amide to images/phys-prop-scatters/densities-refit/scatter-Carboxylic Acid Amide.png
2025-09-05 18:17:59.247 | INFO     | __main__:main:399 - Saved scatter plot for group Carboxylic Acid Derivative to images/phys-prop-scatters/densities-refit/scatter-Carboxylic Acid Derivative.png
2025-09-05 18:17:59.799 | INFO     | __main__:main:399 - Saved scatter plot for group Carboxylic Acid Ester to images/phys-prop-scatters/densities-refit/scatter-Carboxylic Acid Ester.png
2025-09-05 18:18:00.300 | INFO     | __main__:main:399 - Saved scatter plot for group Carboxylic Acid Tertiary Amide to images/phys-prop-scatters/densities-refit/scatter-Carboxylic Acid Tertiary Amide.png
2025-09-05 18:18:00.892 | INFO     | __main__:main:399 - Saved scatter plot for group Dialkylether to images/phys-prop-scatters/densities-refit/scatter-Dialkylether.png
2025-09-05 18:18:01.397 | INFO     | __main__:main:399 - Saved scatter plot for group Ether to images/phys-prop-scatters/densities-refit/scatter-Ether.png
2025-09-05 18:18:01.927 | INFO     | __main__:main:399 - Saved scatter plot for group Halogen Derivative to images/phys-prop-scatters/densities-refit/scatter-Halogen Derivative.png
2025-09-05 18:18:02.486 | INFO     | __main__:main:399 - Saved scatter plot for group Heterocycle to images/phys-prop-scatters/densities-refit/scatter-Heterocycle.png
2025-09-05 18:18:03.004 | INFO     | __main__:main:399 - Saved scatter plot for group Hydroxy to images/phys-prop-scatters/densities-refit/scatter-Hydroxy.png
2025-09-05 18:18:03.500 | INFO     | __main__:main:399 - Saved scatter plot for group Ketone to images/phys-prop-scatters/densities-refit/scatter-Ketone.png
2025-09-05 18:18:04.060 | INFO     | __main__:main:399 - Saved scatter plot for group Lactam to images/phys-prop-scatters/densities-refit/scatter-Lactam.png
2025-09-05 18:18:04.060 | INFO     | __main__:main:369 - Skipping group Lactone with 5 entries (< 10)
2025-09-05 18:18:04.576 | INFO     | __main__:main:399 - Saved scatter plot for group Nitrile to images/phys-prop-scatters/densities-refit/scatter-Nitrile.png
2025-09-05 18:18:05.063 | INFO     | __main__:main:399 - Saved scatter plot for group Orthocarboxylic Acid Derivative to images/phys-prop-scatters/densities-refit/scatter-Orthocarboxylic Acid Derivative.png
2025-09-05 18:18:05.064 | INFO     | __main__:main:369 - Skipping group Phenol with 8 entries (< 10)
2025-09-05 18:18:05.659 | INFO     | __main__:main:399 - Saved scatter plot for group Primary Alcohol to images/phys-prop-scatters/densities-refit/scatter-Primary Alcohol.png
2025-09-05 18:18:06.157 | INFO     | __main__:main:399 - Saved scatter plot for group Primary Aliphatic Amine to images/phys-prop-scatters/densities-refit/scatter-Primary Aliphatic Amine.png
2025-09-05 18:18:06.645 | INFO     | __main__:main:399 - Saved scatter plot for group Primary Amine to images/phys-prop-scatters/densities-refit/scatter-Primary Amine.png
2025-09-05 18:18:07.132 | INFO     | __main__:main:399 - Saved scatter plot for group Primary Aromatic Amine to images/phys-prop-scatters/densities-refit/scatter-Primary Aromatic Amine.png
2025-09-05 18:18:07.627 | INFO     | __main__:main:399 - Saved scatter plot for group Secondary Alcohol to images/phys-prop-scatters/densities-refit/scatter-Secondary Alcohol.png
2025-09-05 18:18:08.195 | INFO     | __main__:main:399 - Saved scatter plot for group Secondary Aliphatic Amine to images/phys-prop-scatters/densities-refit/scatter-Secondary Aliphatic Amine.png
2025-09-05 18:18:08.691 | INFO     | __main__:main:399 - Saved scatter plot for group Secondary Amine to images/phys-prop-scatters/densities-refit/scatter-Secondary Amine.png
2025-09-05 18:18:09.172 | INFO     | __main__:main:399 - Saved scatter plot for group Secondary Mixed Amine to images/phys-prop-scatters/densities-refit/scatter-Secondary Mixed Amine.png
2025-09-05 18:18:09.172 | INFO     | __main__:main:369 - Skipping group Sulfone with 1 entries (< 10)
2025-09-05 18:18:09.646 | INFO     | __main__:main:399 - Saved scatter plot for group Tertiary Alcohol to images/phys-prop-scatters/densities-refit/scatter-Tertiary Alcohol.png
2025-09-05 18:18:10.192 | INFO     | __main__:main:399 - Saved scatter plot for group Tertiary Aliphatic Amine to images/phys-prop-scatters/densities-refit/scatter-Tertiary Aliphatic Amine.png
2025-09-05 18:18:10.674 | INFO     | __main__:main:399 - Saved scatter plot for group Tertiary Amine to images/phys-prop-scatters/densities-refit/scatter-Tertiary Amine.png
2025-09-05 18:18:11.360 | INFO     | __main__:main:399 - Saved scatter plot for group b1 to images/phys-prop-scatters/densities-refit/scatter-b1.png
2025-09-05 18:18:11.858 | INFO     | __main__:main:399 - Saved scatter plot for group b2 to images/phys-prop-scatters/densities-refit/scatter-b2.png
2025-09-05 18:18:12.483 | INFO     | __main__:main:399 - Saved scatter plot for group b3 to images/phys-prop-scatters/densities-refit/scatter-b3.png
2025-09-05 18:18:12.979 | INFO     | __main__:main:399 - Saved scatter plot for group b4 to images/phys-prop-scatters/densities-refit/scatter-b4.png
2025-09-05 18:18:13.485 | INFO     | __main__:main:399 - Saved scatter plot for group b5 to images/phys-prop-scatters/densities-refit/scatter-b5.png
2025-09-05 18:18:13.961 | INFO     | __main__:main:399 - Saved scatter plot for group b6 to images/phys-prop-scatters/densities-refit/scatter-b6.png
2025-09-05 18:18:14.463 | INFO     | __main__:main:399 - Saved scatter plot for group b7 to images/phys-prop-scatters/densities-refit/scatter-b7.png
2025-09-05 18:18:15.045 | INFO     | __main__:main:399 - Saved scatter plot for group b8 to images/phys-prop-scatters/densities-refit/scatter-b8.png
2025-09-05 18:18:15.530 | INFO     | __main__:main:399 - Saved scatter plot for group b9 to images/phys-prop-scatters/densities-refit/scatter-b9.png
2025-09-05 18:18:16.013 | INFO     | __main__:main:399 - Saved scatter plot for group b10 to images/phys-prop-scatters/densities-refit/scatter-b10.png
2025-09-05 18:18:16.014 | INFO     | __main__:main:369 - Skipping group b11 with 4 entries (< 10)
2025-09-05 18:18:16.497 | INFO     | __main__:main:399 - Saved scatter plot for group b12 to images/phys-prop-scatters/densities-refit/scatter-b12.png
2025-09-05 18:18:17.058 | INFO     | __main__:main:399 - Saved scatter plot for group b13 to images/phys-prop-scatters/densities-refit/scatter-b13.png
2025-09-05 18:18:17.598 | INFO     | __main__:main:399 - Saved scatter plot for group b14 to images/phys-prop-scatters/densities-refit/scatter-b14.png
2025-09-05 18:18:18.233 | INFO     | __main__:main:399 - Saved scatter plot for group b16 to images/phys-prop-scatters/densities-refit/scatter-b16.png
2025-09-05 18:18:18.234 | INFO     | __main__:main:369 - Skipping group b17 with 1 entries (< 10)
2025-09-05 18:18:18.721 | INFO     | __main__:main:399 - Saved scatter plot for group b18 to images/phys-prop-scatters/densities-refit/scatter-b18.png
2025-09-05 18:18:19.213 | INFO     | __main__:main:399 - Saved scatter plot for group b19 to images/phys-prop-scatters/densities-refit/scatter-b19.png
2025-09-05 18:18:19.758 | INFO     | __main__:main:399 - Saved scatter plot for group b20 to images/phys-prop-scatters/densities-refit/scatter-b20.png
2025-09-05 18:18:20.399 | INFO     | __main__:main:399 - Saved scatter plot for group b21 to images/phys-prop-scatters/densities-refit/scatter-b21.png
2025-09-05 18:18:20.926 | INFO     | __main__:main:399 - Saved scatter plot for group b25 to images/phys-prop-scatters/densities-refit/scatter-b25.png
2025-09-05 18:18:21.449 | INFO     | __main__:main:399 - Saved scatter plot for group b27 to images/phys-prop-scatters/densities-refit/scatter-b27.png
2025-09-05 18:18:21.450 | INFO     | __main__:main:369 - Skipping group b56 with 1 entries (< 10)
2025-09-05 18:18:21.450 | INFO     | __main__:main:369 - Skipping group b59 with 1 entries (< 10)
2025-09-05 18:18:22.016 | INFO     | __main__:main:399 - Saved scatter plot for group b69 to images/phys-prop-scatters/densities-refit/scatter-b69.png
2025-09-05 18:18:22.505 | INFO     | __main__:main:399 - Saved scatter plot for group b70 to images/phys-prop-scatters/densities-refit/scatter-b70.png
2025-09-05 18:18:23.027 | INFO     | __main__:main:399 - Saved scatter plot for group b71 to images/phys-prop-scatters/densities-refit/scatter-b71.png
2025-09-05 18:18:23.562 | INFO     | __main__:main:399 - Saved scatter plot for group b73 to images/phys-prop-scatters/densities-refit/scatter-b73.png
2025-09-05 18:18:24.286 | INFO     | __main__:main:399 - Saved scatter plot for group b84 to images/phys-prop-scatters/densities-refit/scatter-b84.png
2025-09-05 18:18:24.896 | INFO     | __main__:main:399 - Saved scatter plot for group b85 to images/phys-prop-scatters/densities-refit/scatter-b85.png
2025-09-05 18:18:25.406 | INFO     | __main__:main:399 - Saved scatter plot for group b87 to images/phys-prop-scatters/densities-refit/scatter-b87.png
2025-09-05 18:18:25.946 | INFO     | __main__:main:399 - Saved scatter plot for group b88 to images/phys-prop-scatters/densities-refit/scatter-b88.png
2025-09-05 18:18:26.656 | INFO     | __main__:main:399 - Saved scatter plot for group a1 to images/phys-prop-scatters/densities-refit/scatter-a1.png
2025-09-05 18:18:27.352 | INFO     | __main__:main:399 - Saved scatter plot for group a2 to images/phys-prop-scatters/densities-refit/scatter-a2.png
2025-09-05 18:18:28.010 | INFO     | __main__:main:399 - Saved scatter plot for group a10 to images/phys-prop-scatters/densities-refit/scatter-a10.png
2025-09-05 18:18:28.560 | INFO     | __main__:main:399 - Saved scatter plot for group a11 to images/phys-prop-scatters/densities-refit/scatter-a11.png
2025-09-05 18:18:29.044 | INFO     | __main__:main:399 - Saved scatter plot for group a12 to images/phys-prop-scatters/densities-refit/scatter-a12.png
2025-09-05 18:18:29.530 | INFO     | __main__:main:399 - Saved scatter plot for group a14 to images/phys-prop-scatters/densities-refit/scatter-a14.png
2025-09-05 18:18:30.185 | INFO     | __main__:main:399 - Saved scatter plot for group a15 to images/phys-prop-scatters/densities-refit/scatter-a15.png
2025-09-05 18:18:30.688 | INFO     | __main__:main:399 - Saved scatter plot for group a16 to images/phys-prop-scatters/densities-refit/scatter-a16.png
2025-09-05 18:18:31.177 | INFO     | __main__:main:399 - Saved scatter plot for group a18 to images/phys-prop-scatters/densities-refit/scatter-a18.png
2025-09-05 18:18:31.666 | INFO     | __main__:main:399 - Saved scatter plot for group a19 to images/phys-prop-scatters/densities-refit/scatter-a19.png
2025-09-05 18:18:32.162 | INFO     | __main__:main:399 - Saved scatter plot for group a20 to images/phys-prop-scatters/densities-refit/scatter-a20.png
2025-09-05 18:18:32.791 | INFO     | __main__:main:399 - Saved scatter plot for group a21 to images/phys-prop-scatters/densities-refit/scatter-a21.png
2025-09-05 18:18:33.299 | INFO     | __main__:main:399 - Saved scatter plot for group a22 to images/phys-prop-scatters/densities-refit/scatter-a22.png
2025-09-05 18:18:33.998 | INFO     | __main__:main:399 - Saved scatter plot for group a28 to images/phys-prop-scatters/densities-refit/scatter-a28.png
2025-09-05 18:18:33.998 | INFO     | __main__:main:369 - Skipping group a31 with 1 entries (< 10)
2025-09-05 18:18:33.998 | INFO     | __main__:main:369 - Skipping group a32 with 1 entries (< 10)
2025-09-05 18:18:34.498 | INFO     | __main__:main:399 - Saved scatter plot for group a41 to images/phys-prop-scatters/densities-refit/scatter-a41.png
2025-09-05 18:18:34.499 | INFO     | __main__:main:369 - Skipping group a41a with 1 entries (< 10)
2025-09-05 18:18:35.211 | INFO     | __main__:main:399 - Saved scatter plot for group t1 to images/phys-prop-scatters/densities-refit/scatter-t1.png
2025-09-05 18:18:35.816 | INFO     | __main__:main:399 - Saved scatter plot for group t2 to images/phys-prop-scatters/densities-refit/scatter-t2.png
2025-09-05 18:18:36.512 | INFO     | __main__:main:399 - Saved scatter plot for group t3 to images/phys-prop-scatters/densities-refit/scatter-t3.png
2025-09-05 18:18:37.121 | INFO     | __main__:main:399 - Saved scatter plot for group t4 to images/phys-prop-scatters/densities-refit/scatter-t4.png
2025-09-05 18:18:37.710 | INFO     | __main__:main:399 - Saved scatter plot for group t5 to images/phys-prop-scatters/densities-refit/scatter-t5.png
2025-09-05 18:18:38.194 | INFO     | __main__:main:399 - Saved scatter plot for group t6 to images/phys-prop-scatters/densities-refit/scatter-t6.png
2025-09-05 18:18:38.703 | INFO     | __main__:main:399 - Saved scatter plot for group t7 to images/phys-prop-scatters/densities-refit/scatter-t7.png
2025-09-05 18:18:39.209 | INFO     | __main__:main:399 - Saved scatter plot for group t8 to images/phys-prop-scatters/densities-refit/scatter-t8.png
2025-09-05 18:18:39.887 | INFO     | __main__:main:399 - Saved scatter plot for group t9 to images/phys-prop-scatters/densities-refit/scatter-t9.png
2025-09-05 18:18:40.384 | INFO     | __main__:main:399 - Saved scatter plot for group t10 to images/phys-prop-scatters/densities-refit/scatter-t10.png
2025-09-05 18:18:40.884 | INFO     | __main__:main:399 - Saved scatter plot for group t11 to images/phys-prop-scatters/densities-refit/scatter-t11.png
2025-09-05 18:18:41.395 | INFO     | __main__:main:399 - Saved scatter plot for group t12 to images/phys-prop-scatters/densities-refit/scatter-t12.png
2025-09-05 18:18:42.039 | INFO     | __main__:main:399 - Saved scatter plot for group t17 to images/phys-prop-scatters/densities-refit/scatter-t17.png
2025-09-05 18:18:42.572 | INFO     | __main__:main:399 - Saved scatter plot for group t17a to images/phys-prop-scatters/densities-refit/scatter-t17a.png
2025-09-05 18:18:43.123 | INFO     | __main__:main:399 - Saved scatter plot for group t18 to images/phys-prop-scatters/densities-refit/scatter-t18.png
2025-09-05 18:18:43.760 | INFO     | __main__:main:399 - Saved scatter plot for group t19 to images/phys-prop-scatters/densities-refit/scatter-t19.png
2025-09-05 18:18:44.231 | INFO     | __main__:main:399 - Saved scatter plot for group t20 to images/phys-prop-scatters/densities-refit/scatter-t20.png
2025-09-05 18:18:44.231 | INFO     | __main__:main:369 - Skipping group t21 with 1 entries (< 10)
2025-09-05 18:18:44.723 | INFO     | __main__:main:399 - Saved scatter plot for group t23 to images/phys-prop-scatters/densities-refit/scatter-t23.png
2025-09-05 18:18:45.219 | INFO     | __main__:main:399 - Saved scatter plot for group t43 to images/phys-prop-scatters/densities-refit/scatter-t43.png
2025-09-05 18:18:45.804 | INFO     | __main__:main:399 - Saved scatter plot for group t44 to images/phys-prop-scatters/densities-refit/scatter-t44.png
2025-09-05 18:18:46.280 | INFO     | __main__:main:399 - Saved scatter plot for group t45 to images/phys-prop-scatters/densities-refit/scatter-t45.png
2025-09-05 18:18:46.281 | INFO     | __main__:main:369 - Skipping group t46 with 6 entries (< 10)
2025-09-05 18:18:46.281 | INFO     | __main__:main:369 - Skipping group t47 with 9 entries (< 10)
2025-09-05 18:18:46.778 | INFO     | __main__:main:399 - Saved scatter plot for group t51 to images/phys-prop-scatters/densities-refit/scatter-t51.png
2025-09-05 18:18:47.275 | INFO     | __main__:main:399 - Saved scatter plot for group t58a to images/phys-prop-scatters/densities-refit/scatter-t58a.png
2025-09-05 18:18:47.835 | INFO     | __main__:main:399 - Saved scatter plot for group t64 to images/phys-prop-scatters/densities-refit/scatter-t64.png
2025-09-05 18:18:48.330 | INFO     | __main__:main:399 - Saved scatter plot for group t67 to images/phys-prop-scatters/densities-refit/scatter-t67.png
2025-09-05 18:18:48.834 | INFO     | __main__:main:399 - Saved scatter plot for group t71 to images/phys-prop-scatters/densities-refit/scatter-t71.png
2025-09-05 18:18:49.347 | INFO     | __main__:main:399 - Saved scatter plot for group t72 to images/phys-prop-scatters/densities-refit/scatter-t72.png
2025-09-05 18:18:49.946 | INFO     | __main__:main:399 - Saved scatter plot for group t74 to images/phys-prop-scatters/densities-refit/scatter-t74.png
2025-09-05 18:18:50.464 | INFO     | __main__:main:399 - Saved scatter plot for group t75 to images/phys-prop-scatters/densities-refit/scatter-t75.png
2025-09-05 18:18:50.976 | INFO     | __main__:main:399 - Saved scatter plot for group t77 to images/phys-prop-scatters/densities-refit/scatter-t77.png
2025-09-05 18:18:51.467 | INFO     | __main__:main:399 - Saved scatter plot for group t80 to images/phys-prop-scatters/densities-refit/scatter-t80.png
2025-09-05 18:18:51.467 | INFO     | __main__:main:369 - Skipping group t82 with 4 entries (< 10)
2025-09-05 18:18:51.467 | INFO     | __main__:main:369 - Skipping group t83 with 4 entries (< 10)
2025-09-05 18:18:52.034 | INFO     | __main__:main:399 - Saved scatter plot for group t84 to images/phys-prop-scatters/densities-refit/scatter-t84.png
2025-09-05 18:18:52.515 | INFO     | __main__:main:399 - Saved scatter plot for group t85 to images/phys-prop-scatters/densities-refit/scatter-t85.png
2025-09-05 18:18:53.020 | INFO     | __main__:main:399 - Saved scatter plot for group t86 to images/phys-prop-scatters/densities-refit/scatter-t86.png
2025-09-05 18:18:53.625 | INFO     | __main__:main:399 - Saved scatter plot for group t93 to images/phys-prop-scatters/densities-refit/scatter-t93.png
2025-09-05 18:18:54.164 | INFO     | __main__:main:399 - Saved scatter plot for group t94 to images/phys-prop-scatters/densities-refit/scatter-t94.png
2025-09-05 18:18:54.842 | INFO     | __main__:main:399 - Saved scatter plot for group t95 to images/phys-prop-scatters/densities-refit/scatter-t95.png
2025-09-05 18:18:55.361 | INFO     | __main__:main:399 - Saved scatter plot for group t96 to images/phys-prop-scatters/densities-refit/scatter-t96.png
2025-09-05 18:18:55.897 | INFO     | __main__:main:399 - Saved scatter plot for group t97 to images/phys-prop-scatters/densities-refit/scatter-t97.png
2025-09-05 18:18:56.472 | INFO     | __main__:main:399 - Saved scatter plot for group t98 to images/phys-prop-scatters/densities-refit/scatter-t98.png
2025-09-05 18:18:56.986 | INFO     | __main__:main:399 - Saved scatter plot for group t105 to images/phys-prop-scatters/densities-refit/scatter-t105.png
2025-09-05 18:18:57.507 | INFO     | __main__:main:399 - Saved scatter plot for group t106 to images/phys-prop-scatters/densities-refit/scatter-t106.png
2025-09-05 18:18:58.063 | INFO     | __main__:main:399 - Saved scatter plot for group t107 to images/phys-prop-scatters/densities-refit/scatter-t107.png
2025-09-05 18:18:58.640 | INFO     | __main__:main:399 - Saved scatter plot for group t108 to images/phys-prop-scatters/densities-refit/scatter-t108.png
2025-09-05 18:18:58.640 | INFO     | __main__:main:369 - Skipping group t109 with 7 entries (< 10)
2025-09-05 18:18:59.185 | INFO     | __main__:main:399 - Saved scatter plot for group t110 to images/phys-prop-scatters/densities-refit/scatter-t110.png
2025-09-05 18:18:59.185 | INFO     | __main__:main:369 - Skipping group t111 with 5 entries (< 10)
2025-09-05 18:18:59.185 | INFO     | __main__:main:369 - Skipping group t118 with 1 entries (< 10)
2025-09-05 18:18:59.185 | INFO     | __main__:main:369 - Skipping group t119 with 1 entries (< 10)
2025-09-05 18:18:59.185 | INFO     | __main__:main:369 - Skipping group t120 with 1 entries (< 10)
2025-09-05 18:18:59.691 | INFO     | __main__:main:399 - Saved scatter plot for group t166 to images/phys-prop-scatters/densities-refit/scatter-t166.png
2025-09-05 18:19:00.306 | INFO     | __main__:main:399 - Saved scatter plot for group i1 to images/phys-prop-scatters/densities-refit/scatter-i1.png
2025-09-05 18:19:00.853 | INFO     | __main__:main:399 - Saved scatter plot for group i2 to images/phys-prop-scatters/densities-refit/scatter-i2.png
2025-09-05 18:19:01.348 | INFO     | __main__:main:399 - Saved scatter plot for group i4 to images/phys-prop-scatters/densities-refit/scatter-i4.png
2025-09-05 18:19:01.909 | INFO     | __main__:main:399 - Saved scatter plot for group i6 to images/phys-prop-scatters/densities-refit/scatter-i6.png
2025-09-05 18:19:01.910 | INFO     | __main__:main:369 - Skipping group i7 with 4 entries (< 10)
2025-09-05 18:19:02.546 | INFO     | __main__:main:399 - Saved scatter plot for group n2 to images/phys-prop-scatters/densities-refit/scatter-n2.png
2025-09-05 18:19:03.234 | INFO     | __main__:main:399 - Saved scatter plot for group n3 to images/phys-prop-scatters/densities-refit/scatter-n3.png
2025-09-05 18:19:03.728 | INFO     | __main__:main:399 - Saved scatter plot for group n4 to images/phys-prop-scatters/densities-refit/scatter-n4.png
2025-09-05 18:19:03.728 | INFO     | __main__:main:369 - Skipping group n5 with 4 entries (< 10)
2025-09-05 18:19:04.309 | INFO     | __main__:main:399 - Saved scatter plot for group n7 to images/phys-prop-scatters/densities-refit/scatter-n7.png
2025-09-05 18:19:04.838 | INFO     | __main__:main:399 - Saved scatter plot for group n8 to images/phys-prop-scatters/densities-refit/scatter-n8.png
2025-09-05 18:19:05.394 | INFO     | __main__:main:399 - Saved scatter plot for group n9 to images/phys-prop-scatters/densities-refit/scatter-n9.png
2025-09-05 18:19:05.932 | INFO     | __main__:main:399 - Saved scatter plot for group n11 to images/phys-prop-scatters/densities-refit/scatter-n11.png
2025-09-05 18:19:06.579 | INFO     | __main__:main:399 - Saved scatter plot for group n12 to images/phys-prop-scatters/densities-refit/scatter-n12.png
2025-09-05 18:19:07.223 | INFO     | __main__:main:399 - Saved scatter plot for group n14 to images/phys-prop-scatters/densities-refit/scatter-n14.png
2025-09-05 18:19:07.843 | INFO     | __main__:main:399 - Saved scatter plot for group n15 to images/phys-prop-scatters/densities-refit/scatter-n15.png
2025-09-05 18:19:08.577 | INFO     | __main__:main:399 - Saved scatter plot for group n16 to images/phys-prop-scatters/densities-refit/scatter-n16.png
2025-09-05 18:19:09.170 | INFO     | __main__:main:399 - Saved scatter plot for group n17 to images/phys-prop-scatters/densities-refit/scatter-n17.png
2025-09-05 18:19:09.872 | INFO     | __main__:main:399 - Saved scatter plot for group n18 to images/phys-prop-scatters/densities-refit/scatter-n18.png
2025-09-05 18:19:10.447 | INFO     | __main__:main:399 - Saved scatter plot for group n19 to images/phys-prop-scatters/densities-refit/scatter-n19.png
2025-09-05 18:19:11.040 | INFO     | __main__:main:399 - Saved scatter plot for group n20 to images/phys-prop-scatters/densities-refit/scatter-n20.png
2025-09-05 18:19:11.041 | INFO     | __main__:main:369 - Skipping group n21 with 1 entries (< 10)
2025-09-05 18:19:11.550 | INFO     | __main__:main:399 - Saved scatter plot for group n23 to images/phys-prop-scatters/densities-refit/scatter-n23.png
2025-09-05 18:19:12.157 | INFO     | __main__:main:399 - Saved scatter plot for group n24 to images/phys-prop-scatters/densities-refit/scatter-n24.png
2025-09-05 18:19:12.677 | INFO     | __main__:main:399 - Saved scatter plot for group n25 to images/phys-prop-scatters/densities-refit/scatter-n25.png
2025-09-05 18:19:13.200 | INFO     | __main__:main:399 - Saved scatter plot for group n-tip3p-O to images/phys-prop-scatters/densities-refit/scatter-n-tip3p-O.png
2025-09-05 18:19:13.708 | INFO     | __main__:main:399 - Saved scatter plot for group n-tip3p-H to images/phys-prop-scatters/densities-refit/scatter-n-tip3p-H.png
