2025-09-05 18:19:16.758 | INFO     | __main__:main:399 - Saved scatter plot for group All to images/phys-prop-scatters/dhmix-smee/scatter-All.png
2025-09-05 18:19:16.759 | INFO     | __main__:main:369 - Skipping group 1,2 Aminoalcohol with 9 entries (< 10)
2025-09-05 18:19:17.077 | INFO     | __main__:main:399 - Saved scatter plot for group 1,2 Diol to images/phys-prop-scatters/dhmix-smee/scatter-1,2 Diol.png
2025-09-05 18:19:17.401 | INFO     | __main__:main:399 - Saved scatter plot for group Acetal to images/phys-prop-scatters/dhmix-smee/scatter-Acetal.png
2025-09-05 18:19:17.803 | INFO     | __main__:main:399 - Saved scatter plot for group Alcohol to images/phys-prop-scatters/dhmix-smee/scatter-Alcohol.png
2025-09-05 18:19:17.803 | INFO     | __main__:main:369 - Skipping group Aldehyde with 3 entries (< 10)
2025-09-05 18:19:18.121 | INFO     | __main__:main:399 - Saved scatter plot for group Alkane to images/phys-prop-scatters/dhmix-smee/scatter-Alkane.png
2025-09-05 18:19:18.122 | INFO     | __main__:main:369 - Skipping group Alkene with 9 entries (< 10)
2025-09-05 18:19:18.455 | INFO     | __main__:main:399 - Saved scatter plot for group Alkyl Bromide to images/phys-prop-scatters/dhmix-smee/scatter-Alkyl Bromide.png
2025-09-05 18:19:18.779 | INFO     | __main__:main:399 - Saved scatter plot for group Alkyl Chloride to images/phys-prop-scatters/dhmix-smee/scatter-Alkyl Chloride.png
2025-09-05 18:19:19.086 | INFO     | __main__:main:399 - Saved scatter plot for group Alkyl Fluoride to images/phys-prop-scatters/dhmix-smee/scatter-Alkyl Fluoride.png
2025-09-05 18:19:19.446 | INFO     | __main__:main:399 - Saved scatter plot for group Alkylarylether to images/phys-prop-scatters/dhmix-smee/scatter-Alkylarylether.png
2025-09-05 18:19:19.759 | INFO     | __main__:main:399 - Saved scatter plot for group Amine to images/phys-prop-scatters/dhmix-smee/scatter-Amine.png
2025-09-05 18:19:20.069 | INFO     | __main__:main:399 - Saved scatter plot for group Aqueous to images/phys-prop-scatters/dhmix-smee/scatter-Aqueous.png
2025-09-05 18:19:20.393 | INFO     | __main__:main:399 - Saved scatter plot for group Aromatic to images/phys-prop-scatters/dhmix-smee/scatter-Aromatic.png
2025-09-05 18:19:20.700 | INFO     | __main__:main:399 - Saved scatter plot for group Aryl Chloride to images/phys-prop-scatters/dhmix-smee/scatter-Aryl Chloride.png
2025-09-05 18:19:21.068 | INFO     | __main__:main:399 - Saved scatter plot for group Carbonyl to images/phys-prop-scatters/dhmix-smee/scatter-Carbonyl.png
2025-09-05 18:19:21.398 | INFO     | __main__:main:399 - Saved scatter plot for group Carboxylic Acid Amide to images/phys-prop-scatters/dhmix-smee/scatter-Carboxylic Acid Amide.png
2025-09-05 18:19:21.739 | INFO     | __main__:main:399 - Saved scatter plot for group Carboxylic Acid Derivative to images/phys-prop-scatters/dhmix-smee/scatter-Carboxylic Acid Derivative.png
2025-09-05 18:19:22.086 | INFO     | __main__:main:399 - Saved scatter plot for group Carboxylic Acid Ester to images/phys-prop-scatters/dhmix-smee/scatter-Carboxylic Acid Ester.png
2025-09-05 18:19:22.414 | INFO     | __main__:main:399 - Saved scatter plot for group Carboxylic Acid Tertiary Amide to images/phys-prop-scatters/dhmix-smee/scatter-Carboxylic Acid Tertiary Amide.png
2025-09-05 18:19:22.812 | INFO     | __main__:main:399 - Saved scatter plot for group Dialkylether to images/phys-prop-scatters/dhmix-smee/scatter-Dialkylether.png
2025-09-05 18:19:23.136 | INFO     | __main__:main:399 - Saved scatter plot for group Ether to images/phys-prop-scatters/dhmix-smee/scatter-Ether.png
2025-09-05 18:19:23.474 | INFO     | __main__:main:399 - Saved scatter plot for group Halogen Derivative to images/phys-prop-scatters/dhmix-smee/scatter-Halogen Derivative.png
2025-09-05 18:19:23.804 | INFO     | __main__:main:399 - Saved scatter plot for group Heterocycle to images/phys-prop-scatters/dhmix-smee/scatter-Heterocycle.png
2025-09-05 18:19:24.203 | INFO     | __main__:main:399 - Saved scatter plot for group Hydroxy to images/phys-prop-scatters/dhmix-smee/scatter-Hydroxy.png
2025-09-05 18:19:24.518 | INFO     | __main__:main:399 - Saved scatter plot for group Ketone to images/phys-prop-scatters/dhmix-smee/scatter-Ketone.png
2025-09-05 18:19:24.841 | INFO     | __main__:main:399 - Saved scatter plot for group Lactam to images/phys-prop-scatters/dhmix-smee/scatter-Lactam.png
2025-09-05 18:19:25.138 | INFO     | __main__:main:399 - Saved scatter plot for group Nitrile to images/phys-prop-scatters/dhmix-smee/scatter-Nitrile.png
2025-09-05 18:19:25.455 | INFO     | __main__:main:399 - Saved scatter plot for group Orthocarboxylic Acid Derivative to images/phys-prop-scatters/dhmix-smee/scatter-Orthocarboxylic Acid Derivative.png
2025-09-05 18:19:25.455 | INFO     | __main__:main:369 - Skipping group Phenol with 6 entries (< 10)
2025-09-05 18:19:25.852 | INFO     | __main__:main:399 - Saved scatter plot for group Primary Alcohol to images/phys-prop-scatters/dhmix-smee/scatter-Primary Alcohol.png
2025-09-05 18:19:26.158 | INFO     | __main__:main:399 - Saved scatter plot for group Primary Aliphatic Amine to images/phys-prop-scatters/dhmix-smee/scatter-Primary Aliphatic Amine.png
2025-09-05 18:19:26.460 | INFO     | __main__:main:399 - Saved scatter plot for group Primary Amine to images/phys-prop-scatters/dhmix-smee/scatter-Primary Amine.png
2025-09-05 18:19:26.770 | INFO     | __main__:main:399 - Saved scatter plot for group Primary Aromatic Amine to images/phys-prop-scatters/dhmix-smee/scatter-Primary Aromatic Amine.png
2025-09-05 18:19:26.771 | INFO     | __main__:main:369 - Skipping group Secondary Alcohol with 9 entries (< 10)
2025-09-05 18:19:27.073 | INFO     | __main__:main:399 - Saved scatter plot for group Secondary Aliphatic Amine to images/phys-prop-scatters/dhmix-smee/scatter-Secondary Aliphatic Amine.png
2025-09-05 18:19:27.387 | INFO     | __main__:main:399 - Saved scatter plot for group Secondary Amine to images/phys-prop-scatters/dhmix-smee/scatter-Secondary Amine.png
2025-09-05 18:19:27.710 | INFO     | __main__:main:399 - Saved scatter plot for group Secondary Mixed Amine to images/phys-prop-scatters/dhmix-smee/scatter-Secondary Mixed Amine.png
2025-09-05 18:19:28.088 | INFO     | __main__:main:399 - Saved scatter plot for group Tertiary Alcohol to images/phys-prop-scatters/dhmix-smee/scatter-Tertiary Alcohol.png
2025-09-05 18:19:28.411 | INFO     | __main__:main:399 - Saved scatter plot for group Tertiary Aliphatic Amine to images/phys-prop-scatters/dhmix-smee/scatter-Tertiary Aliphatic Amine.png
2025-09-05 18:19:28.729 | INFO     | __main__:main:399 - Saved scatter plot for group Tertiary Amine to images/phys-prop-scatters/dhmix-smee/scatter-Tertiary Amine.png
2025-09-05 18:19:29.107 | INFO     | __main__:main:399 - Saved scatter plot for group b1 to images/phys-prop-scatters/dhmix-smee/scatter-b1.png
2025-09-05 18:19:29.480 | INFO     | __main__:main:399 - Saved scatter plot for group b2 to images/phys-prop-scatters/dhmix-smee/scatter-b2.png
2025-09-05 18:19:29.820 | INFO     | __main__:main:399 - Saved scatter plot for group b3 to images/phys-prop-scatters/dhmix-smee/scatter-b3.png
2025-09-05 18:19:30.122 | INFO     | __main__:main:399 - Saved scatter plot for group b4 to images/phys-prop-scatters/dhmix-smee/scatter-b4.png
2025-09-05 18:19:30.440 | INFO     | __main__:main:399 - Saved scatter plot for group b5 to images/phys-prop-scatters/dhmix-smee/scatter-b5.png
2025-09-05 18:19:30.743 | INFO     | __main__:main:399 - Saved scatter plot for group b6 to images/phys-prop-scatters/dhmix-smee/scatter-b6.png
2025-09-05 18:19:31.055 | INFO     | __main__:main:399 - Saved scatter plot for group b7 to images/phys-prop-scatters/dhmix-smee/scatter-b7.png
2025-09-05 18:19:31.439 | INFO     | __main__:main:399 - Saved scatter plot for group b8 to images/phys-prop-scatters/dhmix-smee/scatter-b8.png
2025-09-05 18:19:31.753 | INFO     | __main__:main:399 - Saved scatter plot for group b9 to images/phys-prop-scatters/dhmix-smee/scatter-b9.png
2025-09-05 18:19:32.073 | INFO     | __main__:main:399 - Saved scatter plot for group b10 to images/phys-prop-scatters/dhmix-smee/scatter-b10.png
2025-09-05 18:19:32.380 | INFO     | __main__:main:399 - Saved scatter plot for group b12 to images/phys-prop-scatters/dhmix-smee/scatter-b12.png
2025-09-05 18:19:32.706 | INFO     | __main__:main:399 - Saved scatter plot for group b13 to images/phys-prop-scatters/dhmix-smee/scatter-b13.png
2025-09-05 18:19:33.041 | INFO     | __main__:main:399 - Saved scatter plot for group b14 to images/phys-prop-scatters/dhmix-smee/scatter-b14.png
2025-09-05 18:19:33.468 | INFO     | __main__:main:399 - Saved scatter plot for group b16 to images/phys-prop-scatters/dhmix-smee/scatter-b16.png
2025-09-05 18:19:33.771 | INFO     | __main__:main:399 - Saved scatter plot for group b18 to images/phys-prop-scatters/dhmix-smee/scatter-b18.png
2025-09-05 18:19:34.071 | INFO     | __main__:main:399 - Saved scatter plot for group b19 to images/phys-prop-scatters/dhmix-smee/scatter-b19.png
2025-09-05 18:19:34.425 | INFO     | __main__:main:399 - Saved scatter plot for group b20 to images/phys-prop-scatters/dhmix-smee/scatter-b20.png
2025-09-05 18:19:34.832 | INFO     | __main__:main:399 - Saved scatter plot for group b21 to images/phys-prop-scatters/dhmix-smee/scatter-b21.png
2025-09-05 18:19:35.138 | INFO     | __main__:main:399 - Saved scatter plot for group b25 to images/phys-prop-scatters/dhmix-smee/scatter-b25.png
2025-09-05 18:19:35.435 | INFO     | __main__:main:399 - Saved scatter plot for group b27 to images/phys-prop-scatters/dhmix-smee/scatter-b27.png
2025-09-05 18:19:35.735 | INFO     | __main__:main:399 - Saved scatter plot for group b69 to images/phys-prop-scatters/dhmix-smee/scatter-b69.png
2025-09-05 18:19:36.046 | INFO     | __main__:main:399 - Saved scatter plot for group b70 to images/phys-prop-scatters/dhmix-smee/scatter-b70.png
2025-09-05 18:19:36.363 | INFO     | __main__:main:399 - Saved scatter plot for group b71 to images/phys-prop-scatters/dhmix-smee/scatter-b71.png
2025-09-05 18:19:36.686 | INFO     | __main__:main:399 - Saved scatter plot for group b73 to images/phys-prop-scatters/dhmix-smee/scatter-b73.png
2025-09-05 18:19:37.154 | INFO     | __main__:main:399 - Saved scatter plot for group b84 to images/phys-prop-scatters/dhmix-smee/scatter-b84.png
2025-09-05 18:19:37.492 | INFO     | __main__:main:399 - Saved scatter plot for group b85 to images/phys-prop-scatters/dhmix-smee/scatter-b85.png
2025-09-05 18:19:37.806 | INFO     | __main__:main:399 - Saved scatter plot for group b87 to images/phys-prop-scatters/dhmix-smee/scatter-b87.png
2025-09-05 18:19:38.208 | INFO     | __main__:main:399 - Saved scatter plot for group b88 to images/phys-prop-scatters/dhmix-smee/scatter-b88.png
2025-09-05 18:19:38.588 | INFO     | __main__:main:399 - Saved scatter plot for group a1 to images/phys-prop-scatters/dhmix-smee/scatter-a1.png
2025-09-05 18:19:39.031 | INFO     | __main__:main:399 - Saved scatter plot for group a2 to images/phys-prop-scatters/dhmix-smee/scatter-a2.png
2025-09-05 18:19:39.384 | INFO     | __main__:main:399 - Saved scatter plot for group a10 to images/phys-prop-scatters/dhmix-smee/scatter-a10.png
2025-09-05 18:19:39.718 | INFO     | __main__:main:399 - Saved scatter plot for group a11 to images/phys-prop-scatters/dhmix-smee/scatter-a11.png
2025-09-05 18:19:39.718 | INFO     | __main__:main:369 - Skipping group a12 with 9 entries (< 10)
2025-09-05 18:19:40.033 | INFO     | __main__:main:399 - Saved scatter plot for group a14 to images/phys-prop-scatters/dhmix-smee/scatter-a14.png
2025-09-05 18:19:40.374 | INFO     | __main__:main:399 - Saved scatter plot for group a15 to images/phys-prop-scatters/dhmix-smee/scatter-a15.png
2025-09-05 18:19:40.759 | INFO     | __main__:main:399 - Saved scatter plot for group a16 to images/phys-prop-scatters/dhmix-smee/scatter-a16.png
2025-09-05 18:19:41.067 | INFO     | __main__:main:399 - Saved scatter plot for group a18 to images/phys-prop-scatters/dhmix-smee/scatter-a18.png
2025-09-05 18:19:41.379 | INFO     | __main__:main:399 - Saved scatter plot for group a19 to images/phys-prop-scatters/dhmix-smee/scatter-a19.png
2025-09-05 18:19:41.702 | INFO     | __main__:main:399 - Saved scatter plot for group a20 to images/phys-prop-scatters/dhmix-smee/scatter-a20.png
2025-09-05 18:19:42.003 | INFO     | __main__:main:399 - Saved scatter plot for group a21 to images/phys-prop-scatters/dhmix-smee/scatter-a21.png
2025-09-05 18:19:42.305 | INFO     | __main__:main:399 - Saved scatter plot for group a22 to images/phys-prop-scatters/dhmix-smee/scatter-a22.png
2025-09-05 18:19:42.763 | INFO     | __main__:main:399 - Saved scatter plot for group a28 to images/phys-prop-scatters/dhmix-smee/scatter-a28.png
2025-09-05 18:19:43.079 | INFO     | __main__:main:399 - Saved scatter plot for group a41 to images/phys-prop-scatters/dhmix-smee/scatter-a41.png
2025-09-05 18:19:43.450 | INFO     | __main__:main:399 - Saved scatter plot for group t1 to images/phys-prop-scatters/dhmix-smee/scatter-t1.png
2025-09-05 18:19:43.880 | INFO     | __main__:main:399 - Saved scatter plot for group t2 to images/phys-prop-scatters/dhmix-smee/scatter-t2.png
2025-09-05 18:19:44.260 | INFO     | __main__:main:399 - Saved scatter plot for group t3 to images/phys-prop-scatters/dhmix-smee/scatter-t3.png
2025-09-05 18:19:44.631 | INFO     | __main__:main:399 - Saved scatter plot for group t4 to images/phys-prop-scatters/dhmix-smee/scatter-t4.png
2025-09-05 18:19:44.950 | INFO     | __main__:main:399 - Saved scatter plot for group t5 to images/phys-prop-scatters/dhmix-smee/scatter-t5.png
2025-09-05 18:19:45.353 | INFO     | __main__:main:399 - Saved scatter plot for group t6 to images/phys-prop-scatters/dhmix-smee/scatter-t6.png
2025-09-05 18:19:45.682 | INFO     | __main__:main:399 - Saved scatter plot for group t7 to images/phys-prop-scatters/dhmix-smee/scatter-t7.png
2025-09-05 18:19:45.998 | INFO     | __main__:main:399 - Saved scatter plot for group t8 to images/phys-prop-scatters/dhmix-smee/scatter-t8.png
2025-09-05 18:19:46.369 | INFO     | __main__:main:399 - Saved scatter plot for group t9 to images/phys-prop-scatters/dhmix-smee/scatter-t9.png
2025-09-05 18:19:46.696 | INFO     | __main__:main:399 - Saved scatter plot for group t10 to images/phys-prop-scatters/dhmix-smee/scatter-t10.png
2025-09-05 18:19:47.036 | INFO     | __main__:main:399 - Saved scatter plot for group t11 to images/phys-prop-scatters/dhmix-smee/scatter-t11.png
2025-09-05 18:19:47.457 | INFO     | __main__:main:399 - Saved scatter plot for group t12 to images/phys-prop-scatters/dhmix-smee/scatter-t12.png
2025-09-05 18:19:47.806 | INFO     | __main__:main:399 - Saved scatter plot for group t17 to images/phys-prop-scatters/dhmix-smee/scatter-t17.png
2025-09-05 18:19:48.136 | INFO     | __main__:main:399 - Saved scatter plot for group t17a to images/phys-prop-scatters/dhmix-smee/scatter-t17a.png
2025-09-05 18:19:48.471 | INFO     | __main__:main:399 - Saved scatter plot for group t18 to images/phys-prop-scatters/dhmix-smee/scatter-t18.png
2025-09-05 18:19:48.883 | INFO     | __main__:main:399 - Saved scatter plot for group t19 to images/phys-prop-scatters/dhmix-smee/scatter-t19.png
2025-09-05 18:19:48.883 | INFO     | __main__:main:369 - Skipping group t20 with 9 entries (< 10)
2025-09-05 18:19:49.198 | INFO     | __main__:main:399 - Saved scatter plot for group t23 to images/phys-prop-scatters/dhmix-smee/scatter-t23.png
2025-09-05 18:19:49.199 | INFO     | __main__:main:369 - Skipping group t43 with 9 entries (< 10)
2025-09-05 18:19:49.513 | INFO     | __main__:main:399 - Saved scatter plot for group t44 to images/phys-prop-scatters/dhmix-smee/scatter-t44.png
2025-09-05 18:19:49.810 | INFO     | __main__:main:399 - Saved scatter plot for group t45 to images/phys-prop-scatters/dhmix-smee/scatter-t45.png
2025-09-05 18:19:49.810 | INFO     | __main__:main:369 - Skipping group t46 with 3 entries (< 10)
2025-09-05 18:19:49.810 | INFO     | __main__:main:369 - Skipping group t47 with 6 entries (< 10)
2025-09-05 18:19:50.112 | INFO     | __main__:main:399 - Saved scatter plot for group t51 to images/phys-prop-scatters/dhmix-smee/scatter-t51.png
2025-09-05 18:19:50.416 | INFO     | __main__:main:399 - Saved scatter plot for group t58a to images/phys-prop-scatters/dhmix-smee/scatter-t58a.png
2025-09-05 18:19:50.827 | INFO     | __main__:main:399 - Saved scatter plot for group t64 to images/phys-prop-scatters/dhmix-smee/scatter-t64.png
2025-09-05 18:19:51.148 | INFO     | __main__:main:399 - Saved scatter plot for group t67 to images/phys-prop-scatters/dhmix-smee/scatter-t67.png
2025-09-05 18:19:51.463 | INFO     | __main__:main:399 - Saved scatter plot for group t71 to images/phys-prop-scatters/dhmix-smee/scatter-t71.png
2025-09-05 18:19:51.782 | INFO     | __main__:main:399 - Saved scatter plot for group t72 to images/phys-prop-scatters/dhmix-smee/scatter-t72.png
2025-09-05 18:19:52.089 | INFO     | __main__:main:399 - Saved scatter plot for group t74 to images/phys-prop-scatters/dhmix-smee/scatter-t74.png
2025-09-05 18:19:52.415 | INFO     | __main__:main:399 - Saved scatter plot for group t75 to images/phys-prop-scatters/dhmix-smee/scatter-t75.png
2025-09-05 18:19:52.742 | INFO     | __main__:main:399 - Saved scatter plot for group t77 to images/phys-prop-scatters/dhmix-smee/scatter-t77.png
2025-09-05 18:19:53.112 | INFO     | __main__:main:399 - Saved scatter plot for group t80 to images/phys-prop-scatters/dhmix-smee/scatter-t80.png
2025-09-05 18:19:53.419 | INFO     | __main__:main:399 - Saved scatter plot for group t84 to images/phys-prop-scatters/dhmix-smee/scatter-t84.png
2025-09-05 18:19:53.739 | INFO     | __main__:main:399 - Saved scatter plot for group t85 to images/phys-prop-scatters/dhmix-smee/scatter-t85.png
2025-09-05 18:19:54.059 | INFO     | __main__:main:399 - Saved scatter plot for group t86 to images/phys-prop-scatters/dhmix-smee/scatter-t86.png
2025-09-05 18:19:54.407 | INFO     | __main__:main:399 - Saved scatter plot for group t93 to images/phys-prop-scatters/dhmix-smee/scatter-t93.png
2025-09-05 18:19:54.745 | INFO     | __main__:main:399 - Saved scatter plot for group t94 to images/phys-prop-scatters/dhmix-smee/scatter-t94.png
2025-09-05 18:19:55.178 | INFO     | __main__:main:399 - Saved scatter plot for group t95 to images/phys-prop-scatters/dhmix-smee/scatter-t95.png
2025-09-05 18:19:55.504 | INFO     | __main__:main:399 - Saved scatter plot for group t96 to images/phys-prop-scatters/dhmix-smee/scatter-t96.png
2025-09-05 18:19:55.833 | INFO     | __main__:main:399 - Saved scatter plot for group t97 to images/phys-prop-scatters/dhmix-smee/scatter-t97.png
2025-09-05 18:19:56.143 | INFO     | __main__:main:399 - Saved scatter plot for group t98 to images/phys-prop-scatters/dhmix-smee/scatter-t98.png
2025-09-05 18:19:56.526 | INFO     | __main__:main:399 - Saved scatter plot for group t105 to images/phys-prop-scatters/dhmix-smee/scatter-t105.png
2025-09-05 18:19:56.839 | INFO     | __main__:main:399 - Saved scatter plot for group t106 to images/phys-prop-scatters/dhmix-smee/scatter-t106.png
2025-09-05 18:19:57.192 | INFO     | __main__:main:399 - Saved scatter plot for group t107 to images/phys-prop-scatters/dhmix-smee/scatter-t107.png
2025-09-05 18:19:57.517 | INFO     | __main__:main:399 - Saved scatter plot for group t108 to images/phys-prop-scatters/dhmix-smee/scatter-t108.png
2025-09-05 18:19:57.876 | INFO     | __main__:main:399 - Saved scatter plot for group t110 to images/phys-prop-scatters/dhmix-smee/scatter-t110.png
2025-09-05 18:19:58.181 | INFO     | __main__:main:399 - Saved scatter plot for group t166 to images/phys-prop-scatters/dhmix-smee/scatter-t166.png
2025-09-05 18:19:58.594 | INFO     | __main__:main:399 - Saved scatter plot for group i1 to images/phys-prop-scatters/dhmix-smee/scatter-i1.png
2025-09-05 18:19:58.943 | INFO     | __main__:main:399 - Saved scatter plot for group i2 to images/phys-prop-scatters/dhmix-smee/scatter-i2.png
2025-09-05 18:19:59.252 | INFO     | __main__:main:399 - Saved scatter plot for group i4 to images/phys-prop-scatters/dhmix-smee/scatter-i4.png
2025-09-05 18:19:59.252 | INFO     | __main__:main:369 - Skipping group i6 with 9 entries (< 10)
2025-09-05 18:19:59.689 | INFO     | __main__:main:399 - Saved scatter plot for group n2 to images/phys-prop-scatters/dhmix-smee/scatter-n2.png
2025-09-05 18:20:00.068 | INFO     | __main__:main:399 - Saved scatter plot for group n3 to images/phys-prop-scatters/dhmix-smee/scatter-n3.png
2025-09-05 18:20:00.391 | INFO     | __main__:main:399 - Saved scatter plot for group n4 to images/phys-prop-scatters/dhmix-smee/scatter-n4.png
2025-09-05 18:20:00.391 | INFO     | __main__:main:369 - Skipping group n5 with 3 entries (< 10)
2025-09-05 18:20:00.719 | INFO     | __main__:main:399 - Saved scatter plot for group n7 to images/phys-prop-scatters/dhmix-smee/scatter-n7.png
2025-09-05 18:20:01.037 | INFO     | __main__:main:399 - Saved scatter plot for group n8 to images/phys-prop-scatters/dhmix-smee/scatter-n8.png
2025-09-05 18:20:01.436 | INFO     | __main__:main:399 - Saved scatter plot for group n9 to images/phys-prop-scatters/dhmix-smee/scatter-n9.png
2025-09-05 18:20:01.753 | INFO     | __main__:main:399 - Saved scatter plot for group n11 to images/phys-prop-scatters/dhmix-smee/scatter-n11.png
2025-09-05 18:20:02.094 | INFO     | __main__:main:399 - Saved scatter plot for group n12 to images/phys-prop-scatters/dhmix-smee/scatter-n12.png
2025-09-05 18:20:02.463 | INFO     | __main__:main:399 - Saved scatter plot for group n14 to images/phys-prop-scatters/dhmix-smee/scatter-n14.png
2025-09-05 18:20:02.765 | INFO     | __main__:main:399 - Saved scatter plot for group n15 to images/phys-prop-scatters/dhmix-smee/scatter-n15.png
2025-09-05 18:20:03.225 | INFO     | __main__:main:399 - Saved scatter plot for group n16 to images/phys-prop-scatters/dhmix-smee/scatter-n16.png
2025-09-05 18:20:03.575 | INFO     | __main__:main:399 - Saved scatter plot for group n17 to images/phys-prop-scatters/dhmix-smee/scatter-n17.png
2025-09-05 18:20:03.998 | INFO     | __main__:main:399 - Saved scatter plot for group n18 to images/phys-prop-scatters/dhmix-smee/scatter-n18.png
2025-09-05 18:20:04.346 | INFO     | __main__:main:399 - Saved scatter plot for group n19 to images/phys-prop-scatters/dhmix-smee/scatter-n19.png
2025-09-05 18:20:04.678 | INFO     | __main__:main:399 - Saved scatter plot for group n20 to images/phys-prop-scatters/dhmix-smee/scatter-n20.png
2025-09-05 18:20:04.991 | INFO     | __main__:main:399 - Saved scatter plot for group n23 to images/phys-prop-scatters/dhmix-smee/scatter-n23.png
2025-09-05 18:20:05.318 | INFO     | __main__:main:399 - Saved scatter plot for group n24 to images/phys-prop-scatters/dhmix-smee/scatter-n24.png
2025-09-05 18:20:05.656 | INFO     | __main__:main:399 - Saved scatter plot for group n25 to images/phys-prop-scatters/dhmix-smee/scatter-n25.png
2025-09-05 18:20:06.074 | INFO     | __main__:main:399 - Saved scatter plot for group n-tip3p-O to images/phys-prop-scatters/dhmix-smee/scatter-n-tip3p-O.png
2025-09-05 18:20:06.384 | INFO     | __main__:main:399 - Saved scatter plot for group n-tip3p-H to images/phys-prop-scatters/dhmix-smee/scatter-n-tip3p-H.png
