2025-09-05 17:08:50.876 | INFO     | __main__:main:399 - Saved scatter plot for group All to images/phys-prop-scatters/dhmix/scatter-All.png
2025-09-05 17:08:50.876 | INFO     | __main__:main:369 - Skipping group 1,2 Aminoalcohol with 9 entries (< 10)
2025-09-05 17:08:54.928 | INFO     | __main__:main:399 - Saved scatter plot for group 1,2 Diol to images/phys-prop-scatters/dhmix/scatter-1,2 Diol.png
2025-09-05 17:08:58.700 | INFO     | __main__:main:399 - Saved scatter plot for group Acetal to images/phys-prop-scatters/dhmix/scatter-Acetal.png
2025-09-05 17:09:32.440 | INFO     | __main__:main:399 - Saved scatter plot for group Alcohol to images/phys-prop-scatters/dhmix/scatter-Alcohol.png
2025-09-05 17:09:32.441 | INFO     | __main__:main:369 - Skipping group Aldehyde with 3 entries (< 10)
2025-09-05 17:09:51.769 | INFO     | __main__:main:399 - Saved scatter plot for group Alkane to images/phys-prop-scatters/dhmix/scatter-Alkane.png
2025-09-05 17:09:51.770 | INFO     | __main__:main:369 - Skipping group Alkene with 9 entries (< 10)
2025-09-05 17:10:05.130 | INFO     | __main__:main:399 - Saved scatter plot for group Alkyl Bromide to images/phys-prop-scatters/dhmix/scatter-Alkyl Bromide.png
2025-09-05 17:10:23.157 | INFO     | __main__:main:399 - Saved scatter plot for group Alkyl Chloride to images/phys-prop-scatters/dhmix/scatter-Alkyl Chloride.png
2025-09-05 17:10:27.419 | INFO     | __main__:main:399 - Saved scatter plot for group Alkyl Fluoride to images/phys-prop-scatters/dhmix/scatter-Alkyl Fluoride.png
2025-09-05 17:10:31.715 | INFO     | __main__:main:399 - Saved scatter plot for group Alkylarylether to images/phys-prop-scatters/dhmix/scatter-Alkylarylether.png
2025-09-05 17:10:44.926 | INFO     | __main__:main:399 - Saved scatter plot for group Amine to images/phys-prop-scatters/dhmix/scatter-Amine.png
2025-09-05 17:10:53.904 | INFO     | __main__:main:399 - Saved scatter plot for group Aqueous to images/phys-prop-scatters/dhmix/scatter-Aqueous.png
2025-09-05 17:11:15.739 | INFO     | __main__:main:399 - Saved scatter plot for group Aromatic to images/phys-prop-scatters/dhmix/scatter-Aromatic.png
2025-09-05 17:11:19.809 | INFO     | __main__:main:399 - Saved scatter plot for group Aryl Chloride to images/phys-prop-scatters/dhmix/scatter-Aryl Chloride.png
2025-09-05 17:11:30.878 | INFO     | __main__:main:399 - Saved scatter plot for group Carbonyl to images/phys-prop-scatters/dhmix/scatter-Carbonyl.png
2025-09-05 17:11:41.209 | INFO     | __main__:main:399 - Saved scatter plot for group Carboxylic Acid Amide to images/phys-prop-scatters/dhmix/scatter-Carboxylic Acid Amide.png
2025-09-05 17:12:25.323 | INFO     | __main__:main:399 - Saved scatter plot for group Carboxylic Acid Derivative to images/phys-prop-scatters/dhmix/scatter-Carboxylic Acid Derivative.png
2025-09-05 17:13:00.863 | INFO     | __main__:main:399 - Saved scatter plot for group Carboxylic Acid Ester to images/phys-prop-scatters/dhmix/scatter-Carboxylic Acid Ester.png
2025-09-05 17:13:11.307 | INFO     | __main__:main:399 - Saved scatter plot for group Carboxylic Acid Tertiary Amide to images/phys-prop-scatters/dhmix/scatter-Carboxylic Acid Tertiary Amide.png
2025-09-05 17:13:31.833 | INFO     | __main__:main:399 - Saved scatter plot for group Dialkylether to images/phys-prop-scatters/dhmix/scatter-Dialkylether.png
2025-09-05 17:13:54.074 | INFO     | __main__:main:399 - Saved scatter plot for group Ether to images/phys-prop-scatters/dhmix/scatter-Ether.png
2025-09-05 17:14:28.009 | INFO     | __main__:main:399 - Saved scatter plot for group Halogen Derivative to images/phys-prop-scatters/dhmix/scatter-Halogen Derivative.png
2025-09-05 17:14:46.530 | INFO     | __main__:main:399 - Saved scatter plot for group Heterocycle to images/phys-prop-scatters/dhmix/scatter-Heterocycle.png
2025-09-05 17:15:20.255 | INFO     | __main__:main:399 - Saved scatter plot for group Hydroxy to images/phys-prop-scatters/dhmix/scatter-Hydroxy.png
2025-09-05 17:15:31.302 | INFO     | __main__:main:399 - Saved scatter plot for group Ketone to images/phys-prop-scatters/dhmix/scatter-Ketone.png
2025-09-05 17:15:37.170 | INFO     | __main__:main:399 - Saved scatter plot for group Lactam to images/phys-prop-scatters/dhmix/scatter-Lactam.png
2025-09-05 17:15:42.081 | INFO     | __main__:main:399 - Saved scatter plot for group Nitrile to images/phys-prop-scatters/dhmix/scatter-Nitrile.png
2025-09-05 17:15:46.376 | INFO     | __main__:main:399 - Saved scatter plot for group Orthocarboxylic Acid Derivative to images/phys-prop-scatters/dhmix/scatter-Orthocarboxylic Acid Derivative.png
2025-09-05 17:15:46.376 | INFO     | __main__:main:369 - Skipping group Phenol with 6 entries (< 10)
2025-09-05 17:16:17.965 | INFO     | __main__:main:399 - Saved scatter plot for group Primary Alcohol to images/phys-prop-scatters/dhmix/scatter-Primary Alcohol.png
2025-09-05 17:16:22.691 | INFO     | __main__:main:399 - Saved scatter plot for group Primary Aliphatic Amine to images/phys-prop-scatters/dhmix/scatter-Primary Aliphatic Amine.png
2025-09-05 17:16:29.349 | INFO     | __main__:main:399 - Saved scatter plot for group Primary Amine to images/phys-prop-scatters/dhmix/scatter-Primary Amine.png
2025-09-05 17:16:34.018 | INFO     | __main__:main:399 - Saved scatter plot for group Primary Aromatic Amine to images/phys-prop-scatters/dhmix/scatter-Primary Aromatic Amine.png
2025-09-05 17:16:34.019 | INFO     | __main__:main:369 - Skipping group Secondary Alcohol with 9 entries (< 10)
2025-09-05 17:16:40.197 | INFO     | __main__:main:399 - Saved scatter plot for group Secondary Aliphatic Amine to images/phys-prop-scatters/dhmix/scatter-Secondary Aliphatic Amine.png
2025-09-05 17:16:47.665 | INFO     | __main__:main:399 - Saved scatter plot for group Secondary Amine to images/phys-prop-scatters/dhmix/scatter-Secondary Amine.png
2025-09-05 17:16:51.834 | INFO     | __main__:main:399 - Saved scatter plot for group Secondary Mixed Amine to images/phys-prop-scatters/dhmix/scatter-Secondary Mixed Amine.png
2025-09-05 17:16:55.664 | INFO     | __main__:main:399 - Saved scatter plot for group Tertiary Alcohol to images/phys-prop-scatters/dhmix/scatter-Tertiary Alcohol.png
2025-09-05 17:17:01.363 | INFO     | __main__:main:399 - Saved scatter plot for group Tertiary Aliphatic Amine to images/phys-prop-scatters/dhmix/scatter-Tertiary Aliphatic Amine.png
2025-09-05 17:17:07.108 | INFO     | __main__:main:399 - Saved scatter plot for group Tertiary Amine to images/phys-prop-scatters/dhmix/scatter-Tertiary Amine.png
2025-09-05 17:18:33.200 | INFO     | __main__:main:399 - Saved scatter plot for group b1 to images/phys-prop-scatters/dhmix/scatter-b1.png
2025-09-05 17:18:49.327 | INFO     | __main__:main:399 - Saved scatter plot for group b2 to images/phys-prop-scatters/dhmix/scatter-b2.png
2025-09-05 17:19:26.244 | INFO     | __main__:main:399 - Saved scatter plot for group b3 to images/phys-prop-scatters/dhmix/scatter-b3.png
2025-09-05 17:19:30.431 | INFO     | __main__:main:399 - Saved scatter plot for group b4 to images/phys-prop-scatters/dhmix/scatter-b4.png
2025-09-05 17:19:52.075 | INFO     | __main__:main:399 - Saved scatter plot for group b5 to images/phys-prop-scatters/dhmix/scatter-b5.png
2025-09-05 17:19:56.465 | INFO     | __main__:main:399 - Saved scatter plot for group b6 to images/phys-prop-scatters/dhmix/scatter-b6.png
2025-09-05 17:20:09.055 | INFO     | __main__:main:399 - Saved scatter plot for group b7 to images/phys-prop-scatters/dhmix/scatter-b7.png
2025-09-05 17:20:15.918 | INFO     | __main__:main:399 - Saved scatter plot for group b8 to images/phys-prop-scatters/dhmix/scatter-b8.png
2025-09-05 17:20:26.115 | INFO     | __main__:main:399 - Saved scatter plot for group b9 to images/phys-prop-scatters/dhmix/scatter-b9.png
2025-09-05 17:20:36.369 | INFO     | __main__:main:399 - Saved scatter plot for group b10 to images/phys-prop-scatters/dhmix/scatter-b10.png
2025-09-05 17:20:42.597 | INFO     | __main__:main:399 - Saved scatter plot for group b12 to images/phys-prop-scatters/dhmix/scatter-b12.png
2025-09-05 17:20:46.806 | INFO     | __main__:main:399 - Saved scatter plot for group b13 to images/phys-prop-scatters/dhmix/scatter-b13.png
2025-09-05 17:21:20.283 | INFO     | __main__:main:399 - Saved scatter plot for group b14 to images/phys-prop-scatters/dhmix/scatter-b14.png
2025-09-05 17:22:15.675 | INFO     | __main__:main:399 - Saved scatter plot for group b16 to images/phys-prop-scatters/dhmix/scatter-b16.png
2025-09-05 17:22:20.276 | INFO     | __main__:main:399 - Saved scatter plot for group b18 to images/phys-prop-scatters/dhmix/scatter-b18.png
2025-09-05 17:22:24.599 | INFO     | __main__:main:399 - Saved scatter plot for group b19 to images/phys-prop-scatters/dhmix/scatter-b19.png
2025-09-05 17:22:59.783 | INFO     | __main__:main:399 - Saved scatter plot for group b20 to images/phys-prop-scatters/dhmix/scatter-b20.png
2025-09-05 17:23:49.940 | INFO     | __main__:main:399 - Saved scatter plot for group b21 to images/phys-prop-scatters/dhmix/scatter-b21.png
2025-09-05 17:23:54.784 | INFO     | __main__:main:399 - Saved scatter plot for group b25 to images/phys-prop-scatters/dhmix/scatter-b25.png
2025-09-05 17:23:59.690 | INFO     | __main__:main:399 - Saved scatter plot for group b27 to images/phys-prop-scatters/dhmix/scatter-b27.png
2025-09-05 17:24:05.626 | INFO     | __main__:main:399 - Saved scatter plot for group b69 to images/phys-prop-scatters/dhmix/scatter-b69.png
2025-09-05 17:24:09.743 | INFO     | __main__:main:399 - Saved scatter plot for group b70 to images/phys-prop-scatters/dhmix/scatter-b70.png
2025-09-05 17:24:28.050 | INFO     | __main__:main:399 - Saved scatter plot for group b71 to images/phys-prop-scatters/dhmix/scatter-b71.png
2025-09-05 17:24:41.360 | INFO     | __main__:main:399 - Saved scatter plot for group b73 to images/phys-prop-scatters/dhmix/scatter-b73.png
2025-09-05 17:26:11.367 | INFO     | __main__:main:399 - Saved scatter plot for group b84 to images/phys-prop-scatters/dhmix/scatter-b84.png
2025-09-05 17:26:46.494 | INFO     | __main__:main:399 - Saved scatter plot for group b85 to images/phys-prop-scatters/dhmix/scatter-b85.png
2025-09-05 17:26:57.771 | INFO     | __main__:main:399 - Saved scatter plot for group b87 to images/phys-prop-scatters/dhmix/scatter-b87.png
2025-09-05 17:27:33.434 | INFO     | __main__:main:399 - Saved scatter plot for group b88 to images/phys-prop-scatters/dhmix/scatter-b88.png
2025-09-05 17:29:03.524 | INFO     | __main__:main:399 - Saved scatter plot for group a1 to images/phys-prop-scatters/dhmix/scatter-a1.png
2025-09-05 17:30:33.799 | INFO     | __main__:main:399 - Saved scatter plot for group a2 to images/phys-prop-scatters/dhmix/scatter-a2.png
2025-09-05 17:31:27.617 | INFO     | __main__:main:399 - Saved scatter plot for group a10 to images/phys-prop-scatters/dhmix/scatter-a10.png
2025-09-05 17:32:02.458 | INFO     | __main__:main:399 - Saved scatter plot for group a11 to images/phys-prop-scatters/dhmix/scatter-a11.png
2025-09-05 17:32:02.459 | INFO     | __main__:main:369 - Skipping group a12 with 9 entries (< 10)
2025-09-05 17:32:11.419 | INFO     | __main__:main:399 - Saved scatter plot for group a14 to images/phys-prop-scatters/dhmix/scatter-a14.png
2025-09-05 17:32:46.008 | INFO     | __main__:main:399 - Saved scatter plot for group a15 to images/phys-prop-scatters/dhmix/scatter-a15.png
2025-09-05 17:32:50.980 | INFO     | __main__:main:399 - Saved scatter plot for group a16 to images/phys-prop-scatters/dhmix/scatter-a16.png
2025-09-05 17:32:59.758 | INFO     | __main__:main:399 - Saved scatter plot for group a18 to images/phys-prop-scatters/dhmix/scatter-a18.png
2025-09-05 17:33:06.978 | INFO     | __main__:main:399 - Saved scatter plot for group a19 to images/phys-prop-scatters/dhmix/scatter-a19.png
2025-09-05 17:33:19.299 | INFO     | __main__:main:399 - Saved scatter plot for group a20 to images/phys-prop-scatters/dhmix/scatter-a20.png
2025-09-05 17:33:26.167 | INFO     | __main__:main:399 - Saved scatter plot for group a21 to images/phys-prop-scatters/dhmix/scatter-a21.png
2025-09-05 17:33:32.345 | INFO     | __main__:main:399 - Saved scatter plot for group a22 to images/phys-prop-scatters/dhmix/scatter-a22.png
2025-09-05 17:34:46.666 | INFO     | __main__:main:399 - Saved scatter plot for group a28 to images/phys-prop-scatters/dhmix/scatter-a28.png
2025-09-05 17:34:57.461 | INFO     | __main__:main:399 - Saved scatter plot for group a41 to images/phys-prop-scatters/dhmix/scatter-a41.png
2025-09-05 17:36:06.117 | INFO     | __main__:main:399 - Saved scatter plot for group t1 to images/phys-prop-scatters/dhmix/scatter-t1.png
2025-09-05 17:37:00.408 | INFO     | __main__:main:399 - Saved scatter plot for group t2 to images/phys-prop-scatters/dhmix/scatter-t2.png
2025-09-05 17:38:25.400 | INFO     | __main__:main:399 - Saved scatter plot for group t3 to images/phys-prop-scatters/dhmix/scatter-t3.png
2025-09-05 17:39:36.198 | INFO     | __main__:main:399 - Saved scatter plot for group t4 to images/phys-prop-scatters/dhmix/scatter-t4.png
2025-09-05 17:39:46.462 | INFO     | __main__:main:399 - Saved scatter plot for group t5 to images/phys-prop-scatters/dhmix/scatter-t5.png
2025-09-05 17:39:50.975 | INFO     | __main__:main:399 - Saved scatter plot for group t6 to images/phys-prop-scatters/dhmix/scatter-t6.png
2025-09-05 17:39:58.122 | INFO     | __main__:main:399 - Saved scatter plot for group t7 to images/phys-prop-scatters/dhmix/scatter-t7.png
2025-09-05 17:40:04.818 | INFO     | __main__:main:399 - Saved scatter plot for group t8 to images/phys-prop-scatters/dhmix/scatter-t8.png
2025-09-05 17:41:03.324 | INFO     | __main__:main:399 - Saved scatter plot for group t9 to images/phys-prop-scatters/dhmix/scatter-t9.png
2025-09-05 17:41:07.739 | INFO     | __main__:main:399 - Saved scatter plot for group t10 to images/phys-prop-scatters/dhmix/scatter-t10.png
2025-09-05 17:41:25.624 | INFO     | __main__:main:399 - Saved scatter plot for group t11 to images/phys-prop-scatters/dhmix/scatter-t11.png
2025-09-05 17:41:38.937 | INFO     | __main__:main:399 - Saved scatter plot for group t12 to images/phys-prop-scatters/dhmix/scatter-t12.png
2025-09-05 17:42:17.651 | INFO     | __main__:main:399 - Saved scatter plot for group t17 to images/phys-prop-scatters/dhmix/scatter-t17.png
2025-09-05 17:42:31.376 | INFO     | __main__:main:399 - Saved scatter plot for group t17a to images/phys-prop-scatters/dhmix/scatter-t17a.png
2025-09-05 17:43:00.347 | INFO     | __main__:main:399 - Saved scatter plot for group t18 to images/phys-prop-scatters/dhmix/scatter-t18.png
2025-09-05 17:43:37.034 | INFO     | __main__:main:399 - Saved scatter plot for group t19 to images/phys-prop-scatters/dhmix/scatter-t19.png
2025-09-05 17:43:37.034 | INFO     | __main__:main:369 - Skipping group t20 with 9 entries (< 10)
2025-09-05 17:43:42.757 | INFO     | __main__:main:399 - Saved scatter plot for group t23 to images/phys-prop-scatters/dhmix/scatter-t23.png
2025-09-05 17:43:42.758 | INFO     | __main__:main:369 - Skipping group t43 with 9 entries (< 10)
2025-09-05 17:44:04.151 | INFO     | __main__:main:399 - Saved scatter plot for group t44 to images/phys-prop-scatters/dhmix/scatter-t44.png
2025-09-05 17:44:08.446 | INFO     | __main__:main:399 - Saved scatter plot for group t45 to images/phys-prop-scatters/dhmix/scatter-t45.png
2025-09-05 17:44:08.446 | INFO     | __main__:main:369 - Skipping group t46 with 3 entries (< 10)
2025-09-05 17:44:08.446 | INFO     | __main__:main:369 - Skipping group t47 with 6 entries (< 10)
2025-09-05 17:44:18.283 | INFO     | __main__:main:399 - Saved scatter plot for group t51 to images/phys-prop-scatters/dhmix/scatter-t51.png
2025-09-05 17:44:27.263 | INFO     | __main__:main:399 - Saved scatter plot for group t58a to images/phys-prop-scatters/dhmix/scatter-t58a.png
2025-09-05 17:44:38.893 | INFO     | __main__:main:399 - Saved scatter plot for group t64 to images/phys-prop-scatters/dhmix/scatter-t64.png
2025-09-05 17:44:44.577 | INFO     | __main__:main:399 - Saved scatter plot for group t67 to images/phys-prop-scatters/dhmix/scatter-t67.png
2025-09-05 17:44:48.617 | INFO     | __main__:main:399 - Saved scatter plot for group t71 to images/phys-prop-scatters/dhmix/scatter-t71.png
2025-09-05 17:44:52.612 | INFO     | __main__:main:399 - Saved scatter plot for group t72 to images/phys-prop-scatters/dhmix/scatter-t72.png
2025-09-05 17:44:58.651 | INFO     | __main__:main:399 - Saved scatter plot for group t74 to images/phys-prop-scatters/dhmix/scatter-t74.png
2025-09-05 17:45:06.012 | INFO     | __main__:main:399 - Saved scatter plot for group t75 to images/phys-prop-scatters/dhmix/scatter-t75.png
2025-09-05 17:45:13.447 | INFO     | __main__:main:399 - Saved scatter plot for group t77 to images/phys-prop-scatters/dhmix/scatter-t77.png
2025-09-05 17:45:20.085 | INFO     | __main__:main:399 - Saved scatter plot for group t80 to images/phys-prop-scatters/dhmix/scatter-t80.png
2025-09-05 17:45:26.362 | INFO     | __main__:main:399 - Saved scatter plot for group t84 to images/phys-prop-scatters/dhmix/scatter-t84.png
2025-09-05 17:45:32.662 | INFO     | __main__:main:399 - Saved scatter plot for group t85 to images/phys-prop-scatters/dhmix/scatter-t85.png
2025-09-05 17:45:36.843 | INFO     | __main__:main:399 - Saved scatter plot for group t86 to images/phys-prop-scatters/dhmix/scatter-t86.png
2025-09-05 17:46:09.371 | INFO     | __main__:main:399 - Saved scatter plot for group t93 to images/phys-prop-scatters/dhmix/scatter-t93.png
2025-09-05 17:46:40.732 | INFO     | __main__:main:399 - Saved scatter plot for group t94 to images/phys-prop-scatters/dhmix/scatter-t94.png
2025-09-05 17:47:36.311 | INFO     | __main__:main:399 - Saved scatter plot for group t95 to images/phys-prop-scatters/dhmix/scatter-t95.png
2025-09-05 17:47:57.791 | INFO     | __main__:main:399 - Saved scatter plot for group t96 to images/phys-prop-scatters/dhmix/scatter-t96.png
2025-09-05 17:48:20.304 | INFO     | __main__:main:399 - Saved scatter plot for group t97 to images/phys-prop-scatters/dhmix/scatter-t97.png
2025-09-05 17:48:24.135 | INFO     | __main__:main:399 - Saved scatter plot for group t98 to images/phys-prop-scatters/dhmix/scatter-t98.png
2025-09-05 17:48:28.457 | INFO     | __main__:main:399 - Saved scatter plot for group t105 to images/phys-prop-scatters/dhmix/scatter-t105.png
2025-09-05 17:48:33.090 | INFO     | __main__:main:399 - Saved scatter plot for group t106 to images/phys-prop-scatters/dhmix/scatter-t106.png
2025-09-05 17:49:08.317 | INFO     | __main__:main:399 - Saved scatter plot for group t107 to images/phys-prop-scatters/dhmix/scatter-t107.png
2025-09-05 17:49:12.388 | INFO     | __main__:main:399 - Saved scatter plot for group t108 to images/phys-prop-scatters/dhmix/scatter-t108.png
2025-09-05 17:49:47.291 | INFO     | __main__:main:399 - Saved scatter plot for group t110 to images/phys-prop-scatters/dhmix/scatter-t110.png
2025-09-05 17:49:52.188 | INFO     | __main__:main:399 - Saved scatter plot for group t166 to images/phys-prop-scatters/dhmix/scatter-t166.png
2025-09-05 17:50:28.498 | INFO     | __main__:main:399 - Saved scatter plot for group i1 to images/phys-prop-scatters/dhmix/scatter-i1.png
2025-09-05 17:51:03.448 | INFO     | __main__:main:399 - Saved scatter plot for group i2 to images/phys-prop-scatters/dhmix/scatter-i2.png
2025-09-05 17:51:17.045 | INFO     | __main__:main:399 - Saved scatter plot for group i4 to images/phys-prop-scatters/dhmix/scatter-i4.png
2025-09-05 17:51:17.046 | INFO     | __main__:main:369 - Skipping group i6 with 9 entries (< 10)
2025-09-05 17:52:39.937 | INFO     | __main__:main:399 - Saved scatter plot for group n2 to images/phys-prop-scatters/dhmix/scatter-n2.png
2025-09-05 17:54:04.377 | INFO     | __main__:main:399 - Saved scatter plot for group n3 to images/phys-prop-scatters/dhmix/scatter-n3.png
2025-09-05 17:54:08.257 | INFO     | __main__:main:399 - Saved scatter plot for group n4 to images/phys-prop-scatters/dhmix/scatter-n4.png
2025-09-05 17:54:08.257 | INFO     | __main__:main:369 - Skipping group n5 with 3 entries (< 10)
2025-09-05 17:54:30.654 | INFO     | __main__:main:399 - Saved scatter plot for group n7 to images/phys-prop-scatters/dhmix/scatter-n7.png
2025-09-05 17:54:37.692 | INFO     | __main__:main:399 - Saved scatter plot for group n8 to images/phys-prop-scatters/dhmix/scatter-n8.png
2025-09-05 17:54:53.614 | INFO     | __main__:main:399 - Saved scatter plot for group n9 to images/phys-prop-scatters/dhmix/scatter-n9.png
2025-09-05 17:55:04.877 | INFO     | __main__:main:399 - Saved scatter plot for group n11 to images/phys-prop-scatters/dhmix/scatter-n11.png
2025-09-05 17:55:38.634 | INFO     | __main__:main:399 - Saved scatter plot for group n12 to images/phys-prop-scatters/dhmix/scatter-n12.png
2025-09-05 17:56:46.023 | INFO     | __main__:main:399 - Saved scatter plot for group n14 to images/phys-prop-scatters/dhmix/scatter-n14.png
2025-09-05 17:56:50.957 | INFO     | __main__:main:399 - Saved scatter plot for group n15 to images/phys-prop-scatters/dhmix/scatter-n15.png
2025-09-05 17:58:20.674 | INFO     | __main__:main:399 - Saved scatter plot for group n16 to images/phys-prop-scatters/dhmix/scatter-n16.png
2025-09-05 17:59:10.516 | INFO     | __main__:main:399 - Saved scatter plot for group n17 to images/phys-prop-scatters/dhmix/scatter-n17.png
2025-09-05 18:00:04.784 | INFO     | __main__:main:399 - Saved scatter plot for group n18 to images/phys-prop-scatters/dhmix/scatter-n18.png
2025-09-05 18:00:38.461 | INFO     | __main__:main:399 - Saved scatter plot for group n19 to images/phys-prop-scatters/dhmix/scatter-n19.png
2025-09-05 18:01:03.247 | INFO     | __main__:main:399 - Saved scatter plot for group n20 to images/phys-prop-scatters/dhmix/scatter-n20.png
2025-09-05 18:01:09.130 | INFO     | __main__:main:399 - Saved scatter plot for group n23 to images/phys-prop-scatters/dhmix/scatter-n23.png
2025-09-05 18:01:28.872 | INFO     | __main__:main:399 - Saved scatter plot for group n24 to images/phys-prop-scatters/dhmix/scatter-n24.png
2025-09-05 18:01:42.574 | INFO     | __main__:main:399 - Saved scatter plot for group n25 to images/phys-prop-scatters/dhmix/scatter-n25.png
2025-09-05 18:01:51.561 | INFO     | __main__:main:399 - Saved scatter plot for group n-tip3p-O to images/phys-prop-scatters/dhmix/scatter-n-tip3p-O.png
2025-09-05 18:02:00.418 | INFO     | __main__:main:399 - Saved scatter plot for group n-tip3p-H to images/phys-prop-scatters/dhmix/scatter-n-tip3p-H.png
2025-09-05 18:02:00.443 | INFO     | __main__:main:410 - Saved combined stats to output/phys-prop/dhmix/stats.csv
